2023-10-05
2023 10 5
querydatestr:20231005
25
-1
-1
-1
-1
2023-10-06
2023 10 6
querydatestr:20231006
-1
2023-10-07
2023 10 7
querydatestr:20231007
2023-10-08
2023 10 8
querydatestr:20231008
2023-10-09
2023 10 9
querydatestr:20231009
2023-10-10
2023 10 10
querydatestr:20231010
2023-10-11
2023 10 11
querydatestr:20231011
-1
2023-10-12
2023 10 12
querydatestr:20231012
-1
-1
-1
-1
2023-11-01
2023 11 1
querydatestr:20231101
2023-11-02
2023 11 2
querydatestr:20231102
-1
-1
-1
2023-11-03
2023 11 3
querydatestr:20231103
25
-1
-1
-1
2023-11-04
2023 11 4
querydatestr:20231104
2023-11-05
2023 11 5
querydatestr:20231105
2023-11-06
2023 11 6
querydatestr:20231106
-1
2023-11-07
2023 11 7
querydatestr:20231107
-1
-1
-1
-1
2023-11-08
2023 11 8
querydatestr:20231108
-1
-1
2023-11-09
2023 11 9
querydatestr:20231109
-1
-1
-1
-1
-1
-1
2023-11-10
2023 11 10
querydatestr:20231110
-1
-1
-1
2023-11-11
2023 11 11
querydatestr:20231111
2023-11-12
2023 11 12
querydatestr:20231112
2023-12-01
2023 12 1
querydatestr:20231201
-1
-1
2023-12-02
2023 12 2
querydatestr:20231202
2023-12-03
2023 12 3
querydatestr:20231203
2023-12-04
2023 12 4
querydatestr:20231204
-1
-1
-1
-1
-1
2023-12-05
2023 12 5
querydatestr:20231205
-1
-1
-1
-1
-1
-1
25
-1
2023-12-06
2023 12 6
querydatestr:20231206
-1
2023-12-07
2023 12 7
querydatestr:20231207
-1
-1
-1
-1
-1
-1
2023-12-08
2023 12 8
querydatestr:20231208
-1
-1
-1
-1
2023-12-09
2023 12 9
querydatestr:20231209
2023-12-10
2023 12 10
querydatestr:20231210
2023-12-11
2023 12 11
querydatestr:20231211
2023-12-12
2023 12 12
querydatestr:20231212
-1
-1
-1
-1
2024-01-01
2024 1 1
querydatestr:20240101
2024-01-02
2024 1 2
querydatestr:20240102
-1
-1
-1
-1
2024-01-03
2024 1 3
querydatestr:20240103
-1
-1
2024-01-04
2024 1 4
querydatestr:20240104
-1
-1
-1
-1
