/home/spark/anaconda3/lib/python3.7/site-packages/openpyxl/reader/drawings.py:29: UserWarning: DrawingML support is incomplete and limited to charts and images only. Shapes and drawings will be lost.
  warn("DrawingML support is incomplete and limited to charts and images only. Shapes and drawings will be lost.")
近90天Data
         Date      Twse    Index_p  PCratio_p  id
0  2021-07-01  17713.94  20.577486     136.97   1
1  2021-07-02  17710.15  16.383705     137.69   2
2  2021-07-05  17919.33   7.862825     149.00   3
3  2021-07-06  17913.07  17.280866     130.96   4
4  2021-07-07  17850.69  16.475012     114.97   5
..        ...       ...        ...        ...  ..
85 2021-11-02  17065.97   7.843666     110.08  86
86 2021-11-03  17122.16   3.210947     111.84  87
87 2021-11-04  17078.86  10.360774     103.67  88
88 2021-11-05  17296.90  -6.322617     114.85  89
89 2021-11-08  17415.30 -11.195010     126.21  90

[90 rows x 5 columns]
Date         datetime64[ns]
Twse                float64
Index_p             float64
PCratio_p           float64
id                    int64
dtype: object
