         買超概算  區間漲幅       代號              分類
0  -26.820721 -4.99     中鋼-◎           傳產-鋼鐵
1   -5.516472 -6.38     東和鋼鐵           傳產-鋼鐵
2  -13.431685 -2.26     聯電-◎      電子上游-IC-代工
3   -5.870830  1.37     智邦-◎         電子中游-網通
4   -5.236125 -2.49     宏碁-◎      電子下游-筆記型電腦
5  -15.080905 -1.79     華碩-◎      電子下游-筆記型電腦
6   -6.184470 -0.89     技嘉-◎        電子中游-主機板
7  -22.777937 -1.26     廣達-◎      電子下游-筆記型電腦
8   -8.625802 -4.14    南亞科-◎  電子上游-IC-DRAM製造
9  -23.001640 -5.53     友達-◎  電子中游-LCD-TFT面板
10  -8.248005  0.43       陽明           傳產-航運
11 -13.768336 -9.27       華航           傳產-航運
12  -9.538830 -5.76    晶豪科-◎      電子上游-IC-設計
13 -11.658410  5.96     欣興-◎     電子上游-PCB-製造
14  -6.839456 -2.58     緯創-◎      電子下游-筆記型電腦
15  -7.168932 -4.22     威剛-◎     電子上游-DRAM銷售
16 -38.003633 -7.78     群創-◎  電子中游-LCD-TFT面板
17  -6.579945  6.40       敦泰      電子上游-IC-設計
18 -10.268780 -8.20    世芯-KY      電子上游-IC-設計
19  -8.597280  4.42  臻鼎-KY-◎     電子上游-PCB-製造
20  -7.074357 -7.52     彩晶-◎  電子中游-LCD-TFT面板
         買超概算       代號              分類 node1
0  -26.820721     中鋼-◎           傳產-鋼鐵  緩緩下跌
1   -5.516472     東和鋼鐵           傳產-鋼鐵  緩緩下跌
2  -13.431685     聯電-◎      電子上游-IC-代工  緩緩下跌
3   -5.870830     智邦-◎         電子中游-網通  緩緩上漲
4   -5.236125     宏碁-◎      電子下游-筆記型電腦  緩緩下跌
5  -15.080905     華碩-◎      電子下游-筆記型電腦  緩緩下跌
6   -6.184470     技嘉-◎        電子中游-主機板  緩緩下跌
7  -22.777937     廣達-◎      電子下游-筆記型電腦  緩緩下跌
8   -8.625802    南亞科-◎  電子上游-IC-DRAM製造  緩緩下跌
9  -23.001640     友達-◎  電子中游-LCD-TFT面板  緩緩下跌
10  -8.248005       陽明           傳產-航運  緩緩上漲
11 -13.768336       華航           傳產-航運  緩緩下跌
12  -9.538830    晶豪科-◎      電子上游-IC-設計  緩緩下跌
13 -11.658410     欣興-◎     電子上游-PCB-製造  緩緩上漲
14  -6.839456     緯創-◎      電子下游-筆記型電腦  緩緩下跌
15  -7.168932     威剛-◎     電子上游-DRAM銷售  緩緩下跌
16 -38.003633     群創-◎  電子中游-LCD-TFT面板  緩緩下跌
17  -6.579945       敦泰      電子上游-IC-設計  緩緩上漲
18 -10.268780    世芯-KY      電子上游-IC-設計  緩緩下跌
19  -8.597280  臻鼎-KY-◎     電子上游-PCB-製造  緩緩上漲
20  -7.074357     彩晶-◎  電子中游-LCD-TFT面板  緩緩下跌
                分類 node1    node2  node3
0            傳產-鋼鐵  緩緩下跌     中鋼-◎ -26.82
1            傳產-鋼鐵  緩緩下跌     東和鋼鐵  -5.52
2       電子上游-IC-代工  緩緩下跌     聯電-◎ -13.43
3          電子中游-網通  緩緩上漲     智邦-◎  -5.87
4       電子下游-筆記型電腦  緩緩下跌     宏碁-◎  -5.24
5       電子下游-筆記型電腦  緩緩下跌     華碩-◎ -15.08
6         電子中游-主機板  緩緩下跌     技嘉-◎  -6.18
7       電子下游-筆記型電腦  緩緩下跌     廣達-◎ -22.78
8   電子上游-IC-DRAM製造  緩緩下跌    南亞科-◎  -8.63
9   電子中游-LCD-TFT面板  緩緩下跌     友達-◎ -23.00
10           傳產-航運  緩緩上漲       陽明  -8.25
11           傳產-航運  緩緩下跌       華航 -13.77
12      電子上游-IC-設計  緩緩下跌    晶豪科-◎  -9.54
13     電子上游-PCB-製造  緩緩上漲     欣興-◎ -11.66
14      電子下游-筆記型電腦  緩緩下跌     緯創-◎  -6.84
15     電子上游-DRAM銷售  緩緩下跌     威剛-◎  -7.17
16  電子中游-LCD-TFT面板  緩緩下跌     群創-◎ -38.00
17      電子上游-IC-設計  緩緩上漲       敦泰  -6.58
18      電子上游-IC-設計  緩緩下跌    世芯-KY -10.27
19     電子上游-PCB-製造  緩緩上漲  臻鼎-KY-◎  -8.60
20  電子中游-LCD-TFT面板  緩緩下跌     彩晶-◎  -7.07
   node1    node2  node3           node4
0   緩緩下跌     中鋼-◎ -26.82           傳產-鋼鐵
1   緩緩下跌     東和鋼鐵  -5.52           傳產-鋼鐵
2   緩緩下跌     聯電-◎ -13.43      電子上游-IC-代工
3   緩緩上漲     智邦-◎  -5.87         電子中游-網通
4   緩緩下跌     宏碁-◎  -5.24      電子下游-筆記型電腦
5   緩緩下跌     華碩-◎ -15.08      電子下游-筆記型電腦
6   緩緩下跌     技嘉-◎  -6.18        電子中游-主機板
7   緩緩下跌     廣達-◎ -22.78      電子下游-筆記型電腦
8   緩緩下跌    南亞科-◎  -8.63  電子上游-IC-DRAM製造
9   緩緩下跌     友達-◎ -23.00  電子中游-LCD-TFT面板
10  緩緩上漲       陽明  -8.25           傳產-航運
11  緩緩下跌       華航 -13.77           傳產-航運
12  緩緩下跌    晶豪科-◎  -9.54      電子上游-IC-設計
13  緩緩上漲     欣興-◎ -11.66     電子上游-PCB-製造
14  緩緩下跌     緯創-◎  -6.84      電子下游-筆記型電腦
15  緩緩下跌     威剛-◎  -7.17     電子上游-DRAM銷售
16  緩緩下跌     群創-◎ -38.00  電子中游-LCD-TFT面板
17  緩緩上漲       敦泰  -6.58      電子上游-IC-設計
18  緩緩下跌    世芯-KY -10.27      電子上游-IC-設計
19  緩緩上漲  臻鼎-KY-◎  -8.60     電子上游-PCB-製造
20  緩緩下跌     彩晶-◎  -7.07  電子中游-LCD-TFT面板
緩緩下跌 中鋼-◎ -26.82
[{'name': '中鋼-◎', 'value': -26.82}]
[]
緩緩下跌 東和鋼鐵 -5.52
[{'name': '中鋼-◎', 'value': -26.82}, {'name': '東和鋼鐵', 'value': -5.52}]
[]
緩緩下跌 聯電-◎ -13.43
[{'name': '中鋼-◎', 'value': -26.82}, {'name': '東和鋼鐵', 'value': -5.52}, {'name': '聯電-◎', 'value': -13.43}]
[]
緩緩上漲 智邦-◎ -5.87
[{'name': '中鋼-◎', 'value': -26.82}, {'name': '東和鋼鐵', 'value': -5.52}, {'name': '聯電-◎', 'value': -13.43}]
[]
緩緩下跌 宏碁-◎ -5.24
[{'name': '中鋼-◎', 'value': -26.82}, {'name': '東和鋼鐵', 'value': -5.52}, {'name': '聯電-◎', 'value': -13.43}, {'name': '宏碁-◎', 'value': -5.24}]
[]
緩緩下跌 華碩-◎ -15.08
[{'name': '中鋼-◎', 'value': -26.82}, {'name': '東和鋼鐵', 'value': -5.52}, {'name': '聯電-◎', 'value': -13.43}, {'name': '宏碁-◎', 'value': -5.24}, {'name': '華碩-◎', 'value': -15.08}]
[]
緩緩下跌 技嘉-◎ -6.18
[{'name': '中鋼-◎', 'value': -26.82}, {'name': '東和鋼鐵', 'value': -5.52}, {'name': '聯電-◎', 'value': -13.43}, {'name': '宏碁-◎', 'value': -5.24}, {'name': '華碩-◎', 'value': -15.08}, {'name': '技嘉-◎', 'value': -6.18}]
[]
緩緩下跌 廣達-◎ -22.78
[{'name': '中鋼-◎', 'value': -26.82}, {'name': '東和鋼鐵', 'value': -5.52}, {'name': '聯電-◎', 'value': -13.43}, {'name': '宏碁-◎', 'value': -5.24}, {'name': '華碩-◎', 'value': -15.08}, {'name': '技嘉-◎', 'value': -6.18}, {'name': '廣達-◎', 'value': -22.78}]
[]
緩緩下跌 南亞科-◎ -8.63
[{'name': '中鋼-◎', 'value': -26.82}, {'name': '東和鋼鐵', 'value': -5.52}, {'name': '聯電-◎', 'value': -13.43}, {'name': '宏碁-◎', 'value': -5.24}, {'name': '華碩-◎', 'value': -15.08}, {'name': '技嘉-◎', 'value': -6.18}, {'name': '廣達-◎', 'value': -22.78}, {'name': '南亞科-◎', 'value': -8.63}]
[]
緩緩下跌 友達-◎ -23.0
[{'name': '中鋼-◎', 'value': -26.82}, {'name': '東和鋼鐵', 'value': -5.52}, {'name': '聯電-◎', 'value': -13.43}, {'name': '宏碁-◎', 'value': -5.24}, {'name': '華碩-◎', 'value': -15.08}, {'name': '技嘉-◎', 'value': -6.18}, {'name': '廣達-◎', 'value': -22.78}, {'name': '南亞科-◎', 'value': -8.63}, {'name': '友達-◎', 'value': -23.0}]
[]
緩緩上漲 陽明 -8.25
[{'name': '中鋼-◎', 'value': -26.82}, {'name': '東和鋼鐵', 'value': -5.52}, {'name': '聯電-◎', 'value': -13.43}, {'name': '宏碁-◎', 'value': -5.24}, {'name': '華碩-◎', 'value': -15.08}, {'name': '技嘉-◎', 'value': -6.18}, {'name': '廣達-◎', 'value': -22.78}, {'name': '南亞科-◎', 'value': -8.63}, {'name': '友達-◎', 'value': -23.0}]
[]
緩緩下跌 華航 -13.77
[{'name': '中鋼-◎', 'value': -26.82}, {'name': '東和鋼鐵', 'value': -5.52}, {'name': '聯電-◎', 'value': -13.43}, {'name': '宏碁-◎', 'value': -5.24}, {'name': '華碩-◎', 'value': -15.08}, {'name': '技嘉-◎', 'value': -6.18}, {'name': '廣達-◎', 'value': -22.78}, {'name': '南亞科-◎', 'value': -8.63}, {'name': '友達-◎', 'value': -23.0}, {'name': '華航', 'value': -13.77}]
[]
緩緩下跌 晶豪科-◎ -9.54
[{'name': '中鋼-◎', 'value': -26.82}, {'name': '東和鋼鐵', 'value': -5.52}, {'name': '聯電-◎', 'value': -13.43}, {'name': '宏碁-◎', 'value': -5.24}, {'name': '華碩-◎', 'value': -15.08}, {'name': '技嘉-◎', 'value': -6.18}, {'name': '廣達-◎', 'value': -22.78}, {'name': '南亞科-◎', 'value': -8.63}, {'name': '友達-◎', 'value': -23.0}, {'name': '華航', 'value': -13.77}, {'name': '晶豪科-◎', 'value': -9.54}]
[]
緩緩上漲 欣興-◎ -11.66
[{'name': '中鋼-◎', 'value': -26.82}, {'name': '東和鋼鐵', 'value': -5.52}, {'name': '聯電-◎', 'value': -13.43}, {'name': '宏碁-◎', 'value': -5.24}, {'name': '華碩-◎', 'value': -15.08}, {'name': '技嘉-◎', 'value': -6.18}, {'name': '廣達-◎', 'value': -22.78}, {'name': '南亞科-◎', 'value': -8.63}, {'name': '友達-◎', 'value': -23.0}, {'name': '華航', 'value': -13.77}, {'name': '晶豪科-◎', 'value': -9.54}]
[]
緩緩下跌 緯創-◎ -6.84
[{'name': '中鋼-◎', 'value': -26.82}, {'name': '東和鋼鐵', 'value': -5.52}, {'name': '聯電-◎', 'value': -13.43}, {'name': '宏碁-◎', 'value': -5.24}, {'name': '華碩-◎', 'value': -15.08}, {'name': '技嘉-◎', 'value': -6.18}, {'name': '廣達-◎', 'value': -22.78}, {'name': '南亞科-◎', 'value': -8.63}, {'name': '友達-◎', 'value': -23.0}, {'name': '華航', 'value': -13.77}, {'name': '晶豪科-◎', 'value': -9.54}, {'name': '緯創-◎', 'value': -6.84}]
[]
緩緩下跌 威剛-◎ -7.17
[{'name': '中鋼-◎', 'value': -26.82}, {'name': '東和鋼鐵', 'value': -5.52}, {'name': '聯電-◎', 'value': -13.43}, {'name': '宏碁-◎', 'value': -5.24}, {'name': '華碩-◎', 'value': -15.08}, {'name': '技嘉-◎', 'value': -6.18}, {'name': '廣達-◎', 'value': -22.78}, {'name': '南亞科-◎', 'value': -8.63}, {'name': '友達-◎', 'value': -23.0}, {'name': '華航', 'value': -13.77}, {'name': '晶豪科-◎', 'value': -9.54}, {'name': '緯創-◎', 'value': -6.84}, {'name': '威剛-◎', 'value': -7.17}]
[]
緩緩下跌 群創-◎ -38.0
[{'name': '中鋼-◎', 'value': -26.82}, {'name': '東和鋼鐵', 'value': -5.52}, {'name': '聯電-◎', 'value': -13.43}, {'name': '宏碁-◎', 'value': -5.24}, {'name': '華碩-◎', 'value': -15.08}, {'name': '技嘉-◎', 'value': -6.18}, {'name': '廣達-◎', 'value': -22.78}, {'name': '南亞科-◎', 'value': -8.63}, {'name': '友達-◎', 'value': -23.0}, {'name': '華航', 'value': -13.77}, {'name': '晶豪科-◎', 'value': -9.54}, {'name': '緯創-◎', 'value': -6.84}, {'name': '威剛-◎', 'value': -7.17}, {'name': '群創-◎', 'value': -38.0}]
[]
緩緩上漲 敦泰 -6.58
[{'name': '中鋼-◎', 'value': -26.82}, {'name': '東和鋼鐵', 'value': -5.52}, {'name': '聯電-◎', 'value': -13.43}, {'name': '宏碁-◎', 'value': -5.24}, {'name': '華碩-◎', 'value': -15.08}, {'name': '技嘉-◎', 'value': -6.18}, {'name': '廣達-◎', 'value': -22.78}, {'name': '南亞科-◎', 'value': -8.63}, {'name': '友達-◎', 'value': -23.0}, {'name': '華航', 'value': -13.77}, {'name': '晶豪科-◎', 'value': -9.54}, {'name': '緯創-◎', 'value': -6.84}, {'name': '威剛-◎', 'value': -7.17}, {'name': '群創-◎', 'value': -38.0}]
[]
緩緩下跌 世芯-KY -10.27
[{'name': '中鋼-◎', 'value': -26.82}, {'name': '東和鋼鐵', 'value': -5.52}, {'name': '聯電-◎', 'value': -13.43}, {'name': '宏碁-◎', 'value': -5.24}, {'name': '華碩-◎', 'value': -15.08}, {'name': '技嘉-◎', 'value': -6.18}, {'name': '廣達-◎', 'value': -22.78}, {'name': '南亞科-◎', 'value': -8.63}, {'name': '友達-◎', 'value': -23.0}, {'name': '華航', 'value': -13.77}, {'name': '晶豪科-◎', 'value': -9.54}, {'name': '緯創-◎', 'value': -6.84}, {'name': '威剛-◎', 'value': -7.17}, {'name': '群創-◎', 'value': -38.0}, {'name': '世芯-KY', 'value': -10.27}]
[]
緩緩上漲 臻鼎-KY-◎ -8.6
[{'name': '中鋼-◎', 'value': -26.82}, {'name': '東和鋼鐵', 'value': -5.52}, {'name': '聯電-◎', 'value': -13.43}, {'name': '宏碁-◎', 'value': -5.24}, {'name': '華碩-◎', 'value': -15.08}, {'name': '技嘉-◎', 'value': -6.18}, {'name': '廣達-◎', 'value': -22.78}, {'name': '南亞科-◎', 'value': -8.63}, {'name': '友達-◎', 'value': -23.0}, {'name': '華航', 'value': -13.77}, {'name': '晶豪科-◎', 'value': -9.54}, {'name': '緯創-◎', 'value': -6.84}, {'name': '威剛-◎', 'value': -7.17}, {'name': '群創-◎', 'value': -38.0}, {'name': '世芯-KY', 'value': -10.27}]
[]
緩緩下跌 彩晶-◎ -7.07
[{'name': '中鋼-◎', 'value': -26.82}, {'name': '東和鋼鐵', 'value': -5.52}, {'name': '聯電-◎', 'value': -13.43}, {'name': '宏碁-◎', 'value': -5.24}, {'name': '華碩-◎', 'value': -15.08}, {'name': '技嘉-◎', 'value': -6.18}, {'name': '廣達-◎', 'value': -22.78}, {'name': '南亞科-◎', 'value': -8.63}, {'name': '友達-◎', 'value': -23.0}, {'name': '華航', 'value': -13.77}, {'name': '晶豪科-◎', 'value': -9.54}, {'name': '緯創-◎', 'value': -6.84}, {'name': '威剛-◎', 'value': -7.17}, {'name': '群創-◎', 'value': -38.0}, {'name': '世芯-KY', 'value': -10.27}, {'name': '彩晶-◎', 'value': -7.07}]
[]
         買超概算  區間漲幅       代號              分類
0  -26.820721 -4.99     中鋼-◎           傳產-鋼鐵
1   -5.516472 -6.38     東和鋼鐵           傳產-鋼鐵
2  -13.431685 -2.26     聯電-◎      電子上游-IC-代工
3   -5.870830  1.37     智邦-◎         電子中游-網通
4   -5.236125 -2.49     宏碁-◎      電子下游-筆記型電腦
5  -15.080905 -1.79     華碩-◎      電子下游-筆記型電腦
6   -6.184470 -0.89     技嘉-◎        電子中游-主機板
7  -22.777937 -1.26     廣達-◎      電子下游-筆記型電腦
8   -8.625802 -4.14    南亞科-◎  電子上游-IC-DRAM製造
9  -23.001640 -5.53     友達-◎  電子中游-LCD-TFT面板
10  -8.248005  0.43       陽明           傳產-航運
11 -13.768336 -9.27       華航           傳產-航運
12  -9.538830 -5.76    晶豪科-◎      電子上游-IC-設計
13 -11.658410  5.96     欣興-◎     電子上游-PCB-製造
14  -6.839456 -2.58     緯創-◎      電子下游-筆記型電腦
15  -7.168932 -4.22     威剛-◎     電子上游-DRAM銷售
16 -38.003633 -7.78     群創-◎  電子中游-LCD-TFT面板
17  -6.579945  6.40       敦泰      電子上游-IC-設計
18 -10.268780 -8.20    世芯-KY      電子上游-IC-設計
19  -8.597280  4.42  臻鼎-KY-◎     電子上游-PCB-製造
20  -7.074357 -7.52     彩晶-◎  電子中游-LCD-TFT面板
         買超概算       代號              分類 node1
0  -26.820721     中鋼-◎           傳產-鋼鐵  緩緩下跌
1   -5.516472     東和鋼鐵           傳產-鋼鐵  緩緩下跌
2  -13.431685     聯電-◎      電子上游-IC-代工  緩緩下跌
3   -5.870830     智邦-◎         電子中游-網通  緩緩上漲
4   -5.236125     宏碁-◎      電子下游-筆記型電腦  緩緩下跌
5  -15.080905     華碩-◎      電子下游-筆記型電腦  緩緩下跌
6   -6.184470     技嘉-◎        電子中游-主機板  緩緩下跌
7  -22.777937     廣達-◎      電子下游-筆記型電腦  緩緩下跌
8   -8.625802    南亞科-◎  電子上游-IC-DRAM製造  緩緩下跌
9  -23.001640     友達-◎  電子中游-LCD-TFT面板  緩緩下跌
10  -8.248005       陽明           傳產-航運  緩緩上漲
11 -13.768336       華航           傳產-航運  緩緩下跌
12  -9.538830    晶豪科-◎      電子上游-IC-設計  緩緩下跌
13 -11.658410     欣興-◎     電子上游-PCB-製造  緩緩上漲
14  -6.839456     緯創-◎      電子下游-筆記型電腦  緩緩下跌
15  -7.168932     威剛-◎     電子上游-DRAM銷售  緩緩下跌
16 -38.003633     群創-◎  電子中游-LCD-TFT面板  緩緩下跌
17  -6.579945       敦泰      電子上游-IC-設計  緩緩上漲
18 -10.268780    世芯-KY      電子上游-IC-設計  緩緩下跌
19  -8.597280  臻鼎-KY-◎     電子上游-PCB-製造  緩緩上漲
20  -7.074357     彩晶-◎  電子中游-LCD-TFT面板  緩緩下跌
                分類 node1    node2  node3
0            傳產-鋼鐵  緩緩下跌     中鋼-◎ -26.82
1            傳產-鋼鐵  緩緩下跌     東和鋼鐵  -5.52
2       電子上游-IC-代工  緩緩下跌     聯電-◎ -13.43
3          電子中游-網通  緩緩上漲     智邦-◎  -5.87
4       電子下游-筆記型電腦  緩緩下跌     宏碁-◎  -5.24
5       電子下游-筆記型電腦  緩緩下跌     華碩-◎ -15.08
6         電子中游-主機板  緩緩下跌     技嘉-◎  -6.18
7       電子下游-筆記型電腦  緩緩下跌     廣達-◎ -22.78
8   電子上游-IC-DRAM製造  緩緩下跌    南亞科-◎  -8.63
9   電子中游-LCD-TFT面板  緩緩下跌     友達-◎ -23.00
10           傳產-航運  緩緩上漲       陽明  -8.25
11           傳產-航運  緩緩下跌       華航 -13.77
12      電子上游-IC-設計  緩緩下跌    晶豪科-◎  -9.54
13     電子上游-PCB-製造  緩緩上漲     欣興-◎ -11.66
14      電子下游-筆記型電腦  緩緩下跌     緯創-◎  -6.84
15     電子上游-DRAM銷售  緩緩下跌     威剛-◎  -7.17
16  電子中游-LCD-TFT面板  緩緩下跌     群創-◎ -38.00
17      電子上游-IC-設計  緩緩上漲       敦泰  -6.58
18      電子上游-IC-設計  緩緩下跌    世芯-KY -10.27
19     電子上游-PCB-製造  緩緩上漲  臻鼎-KY-◎  -8.60
20  電子中游-LCD-TFT面板  緩緩下跌     彩晶-◎  -7.07
   node1    node2  node3           node4
0   緩緩下跌     中鋼-◎ -26.82           傳產-鋼鐵
1   緩緩下跌     東和鋼鐵  -5.52           傳產-鋼鐵
2   緩緩下跌     聯電-◎ -13.43      電子上游-IC-代工
3   緩緩上漲     智邦-◎  -5.87         電子中游-網通
4   緩緩下跌     宏碁-◎  -5.24      電子下游-筆記型電腦
5   緩緩下跌     華碩-◎ -15.08      電子下游-筆記型電腦
6   緩緩下跌     技嘉-◎  -6.18        電子中游-主機板
7   緩緩下跌     廣達-◎ -22.78      電子下游-筆記型電腦
8   緩緩下跌    南亞科-◎  -8.63  電子上游-IC-DRAM製造
9   緩緩下跌     友達-◎ -23.00  電子中游-LCD-TFT面板
10  緩緩上漲       陽明  -8.25           傳產-航運
11  緩緩下跌       華航 -13.77           傳產-航運
12  緩緩下跌    晶豪科-◎  -9.54      電子上游-IC-設計
13  緩緩上漲     欣興-◎ -11.66     電子上游-PCB-製造
14  緩緩下跌     緯創-◎  -6.84      電子下游-筆記型電腦
15  緩緩下跌     威剛-◎  -7.17     電子上游-DRAM銷售
16  緩緩下跌     群創-◎ -38.00  電子中游-LCD-TFT面板
17  緩緩上漲       敦泰  -6.58      電子上游-IC-設計
18  緩緩下跌    世芯-KY -10.27      電子上游-IC-設計
19  緩緩上漲  臻鼎-KY-◎  -8.60     電子上游-PCB-製造
20  緩緩下跌     彩晶-◎  -7.07  電子中游-LCD-TFT面板
緩緩下跌 中鋼-◎ -26.82
[{'name': '中鋼-◎', 'value': -26.82}]
[]
緩緩下跌 東和鋼鐵 -5.52
[{'name': '中鋼-◎', 'value': -26.82}, {'name': '東和鋼鐵', 'value': -5.52}]
[]
緩緩下跌 聯電-◎ -13.43
[{'name': '中鋼-◎', 'value': -26.82}, {'name': '東和鋼鐵', 'value': -5.52}, {'name': '聯電-◎', 'value': -13.43}]
[]
緩緩上漲 智邦-◎ -5.87
[{'name': '中鋼-◎', 'value': -26.82}, {'name': '東和鋼鐵', 'value': -5.52}, {'name': '聯電-◎', 'value': -13.43}]
[]
緩緩下跌 宏碁-◎ -5.24
[{'name': '中鋼-◎', 'value': -26.82}, {'name': '東和鋼鐵', 'value': -5.52}, {'name': '聯電-◎', 'value': -13.43}, {'name': '宏碁-◎', 'value': -5.24}]
[]
緩緩下跌 華碩-◎ -15.08
[{'name': '中鋼-◎', 'value': -26.82}, {'name': '東和鋼鐵', 'value': -5.52}, {'name': '聯電-◎', 'value': -13.43}, {'name': '宏碁-◎', 'value': -5.24}, {'name': '華碩-◎', 'value': -15.08}]
[]
緩緩下跌 技嘉-◎ -6.18
[{'name': '中鋼-◎', 'value': -26.82}, {'name': '東和鋼鐵', 'value': -5.52}, {'name': '聯電-◎', 'value': -13.43}, {'name': '宏碁-◎', 'value': -5.24}, {'name': '華碩-◎', 'value': -15.08}, {'name': '技嘉-◎', 'value': -6.18}]
[]
緩緩下跌 廣達-◎ -22.78
[{'name': '中鋼-◎', 'value': -26.82}, {'name': '東和鋼鐵', 'value': -5.52}, {'name': '聯電-◎', 'value': -13.43}, {'name': '宏碁-◎', 'value': -5.24}, {'name': '華碩-◎', 'value': -15.08}, {'name': '技嘉-◎', 'value': -6.18}, {'name': '廣達-◎', 'value': -22.78}]
[]
緩緩下跌 南亞科-◎ -8.63
[{'name': '中鋼-◎', 'value': -26.82}, {'name': '東和鋼鐵', 'value': -5.52}, {'name': '聯電-◎', 'value': -13.43}, {'name': '宏碁-◎', 'value': -5.24}, {'name': '華碩-◎', 'value': -15.08}, {'name': '技嘉-◎', 'value': -6.18}, {'name': '廣達-◎', 'value': -22.78}, {'name': '南亞科-◎', 'value': -8.63}]
[]
緩緩下跌 友達-◎ -23.0
[{'name': '中鋼-◎', 'value': -26.82}, {'name': '東和鋼鐵', 'value': -5.52}, {'name': '聯電-◎', 'value': -13.43}, {'name': '宏碁-◎', 'value': -5.24}, {'name': '華碩-◎', 'value': -15.08}, {'name': '技嘉-◎', 'value': -6.18}, {'name': '廣達-◎', 'value': -22.78}, {'name': '南亞科-◎', 'value': -8.63}, {'name': '友達-◎', 'value': -23.0}]
[]
緩緩上漲 陽明 -8.25
[{'name': '中鋼-◎', 'value': -26.82}, {'name': '東和鋼鐵', 'value': -5.52}, {'name': '聯電-◎', 'value': -13.43}, {'name': '宏碁-◎', 'value': -5.24}, {'name': '華碩-◎', 'value': -15.08}, {'name': '技嘉-◎', 'value': -6.18}, {'name': '廣達-◎', 'value': -22.78}, {'name': '南亞科-◎', 'value': -8.63}, {'name': '友達-◎', 'value': -23.0}]
[]
緩緩下跌 華航 -13.77
[{'name': '中鋼-◎', 'value': -26.82}, {'name': '東和鋼鐵', 'value': -5.52}, {'name': '聯電-◎', 'value': -13.43}, {'name': '宏碁-◎', 'value': -5.24}, {'name': '華碩-◎', 'value': -15.08}, {'name': '技嘉-◎', 'value': -6.18}, {'name': '廣達-◎', 'value': -22.78}, {'name': '南亞科-◎', 'value': -8.63}, {'name': '友達-◎', 'value': -23.0}, {'name': '華航', 'value': -13.77}]
[]
緩緩下跌 晶豪科-◎ -9.54
[{'name': '中鋼-◎', 'value': -26.82}, {'name': '東和鋼鐵', 'value': -5.52}, {'name': '聯電-◎', 'value': -13.43}, {'name': '宏碁-◎', 'value': -5.24}, {'name': '華碩-◎', 'value': -15.08}, {'name': '技嘉-◎', 'value': -6.18}, {'name': '廣達-◎', 'value': -22.78}, {'name': '南亞科-◎', 'value': -8.63}, {'name': '友達-◎', 'value': -23.0}, {'name': '華航', 'value': -13.77}, {'name': '晶豪科-◎', 'value': -9.54}]
[]
緩緩上漲 欣興-◎ -11.66
[{'name': '中鋼-◎', 'value': -26.82}, {'name': '東和鋼鐵', 'value': -5.52}, {'name': '聯電-◎', 'value': -13.43}, {'name': '宏碁-◎', 'value': -5.24}, {'name': '華碩-◎', 'value': -15.08}, {'name': '技嘉-◎', 'value': -6.18}, {'name': '廣達-◎', 'value': -22.78}, {'name': '南亞科-◎', 'value': -8.63}, {'name': '友達-◎', 'value': -23.0}, {'name': '華航', 'value': -13.77}, {'name': '晶豪科-◎', 'value': -9.54}]
[]
緩緩下跌 緯創-◎ -6.84
[{'name': '中鋼-◎', 'value': -26.82}, {'name': '東和鋼鐵', 'value': -5.52}, {'name': '聯電-◎', 'value': -13.43}, {'name': '宏碁-◎', 'value': -5.24}, {'name': '華碩-◎', 'value': -15.08}, {'name': '技嘉-◎', 'value': -6.18}, {'name': '廣達-◎', 'value': -22.78}, {'name': '南亞科-◎', 'value': -8.63}, {'name': '友達-◎', 'value': -23.0}, {'name': '華航', 'value': -13.77}, {'name': '晶豪科-◎', 'value': -9.54}, {'name': '緯創-◎', 'value': -6.84}]
[]
緩緩下跌 威剛-◎ -7.17
[{'name': '中鋼-◎', 'value': -26.82}, {'name': '東和鋼鐵', 'value': -5.52}, {'name': '聯電-◎', 'value': -13.43}, {'name': '宏碁-◎', 'value': -5.24}, {'name': '華碩-◎', 'value': -15.08}, {'name': '技嘉-◎', 'value': -6.18}, {'name': '廣達-◎', 'value': -22.78}, {'name': '南亞科-◎', 'value': -8.63}, {'name': '友達-◎', 'value': -23.0}, {'name': '華航', 'value': -13.77}, {'name': '晶豪科-◎', 'value': -9.54}, {'name': '緯創-◎', 'value': -6.84}, {'name': '威剛-◎', 'value': -7.17}]
[]
緩緩下跌 群創-◎ -38.0
[{'name': '中鋼-◎', 'value': -26.82}, {'name': '東和鋼鐵', 'value': -5.52}, {'name': '聯電-◎', 'value': -13.43}, {'name': '宏碁-◎', 'value': -5.24}, {'name': '華碩-◎', 'value': -15.08}, {'name': '技嘉-◎', 'value': -6.18}, {'name': '廣達-◎', 'value': -22.78}, {'name': '南亞科-◎', 'value': -8.63}, {'name': '友達-◎', 'value': -23.0}, {'name': '華航', 'value': -13.77}, {'name': '晶豪科-◎', 'value': -9.54}, {'name': '緯創-◎', 'value': -6.84}, {'name': '威剛-◎', 'value': -7.17}, {'name': '群創-◎', 'value': -38.0}]
[]
緩緩上漲 敦泰 -6.58
[{'name': '中鋼-◎', 'value': -26.82}, {'name': '東和鋼鐵', 'value': -5.52}, {'name': '聯電-◎', 'value': -13.43}, {'name': '宏碁-◎', 'value': -5.24}, {'name': '華碩-◎', 'value': -15.08}, {'name': '技嘉-◎', 'value': -6.18}, {'name': '廣達-◎', 'value': -22.78}, {'name': '南亞科-◎', 'value': -8.63}, {'name': '友達-◎', 'value': -23.0}, {'name': '華航', 'value': -13.77}, {'name': '晶豪科-◎', 'value': -9.54}, {'name': '緯創-◎', 'value': -6.84}, {'name': '威剛-◎', 'value': -7.17}, {'name': '群創-◎', 'value': -38.0}]
[]
緩緩下跌 世芯-KY -10.27
[{'name': '中鋼-◎', 'value': -26.82}, {'name': '東和鋼鐵', 'value': -5.52}, {'name': '聯電-◎', 'value': -13.43}, {'name': '宏碁-◎', 'value': -5.24}, {'name': '華碩-◎', 'value': -15.08}, {'name': '技嘉-◎', 'value': -6.18}, {'name': '廣達-◎', 'value': -22.78}, {'name': '南亞科-◎', 'value': -8.63}, {'name': '友達-◎', 'value': -23.0}, {'name': '華航', 'value': -13.77}, {'name': '晶豪科-◎', 'value': -9.54}, {'name': '緯創-◎', 'value': -6.84}, {'name': '威剛-◎', 'value': -7.17}, {'name': '群創-◎', 'value': -38.0}, {'name': '世芯-KY', 'value': -10.27}]
[]
緩緩上漲 臻鼎-KY-◎ -8.6
[{'name': '中鋼-◎', 'value': -26.82}, {'name': '東和鋼鐵', 'value': -5.52}, {'name': '聯電-◎', 'value': -13.43}, {'name': '宏碁-◎', 'value': -5.24}, {'name': '華碩-◎', 'value': -15.08}, {'name': '技嘉-◎', 'value': -6.18}, {'name': '廣達-◎', 'value': -22.78}, {'name': '南亞科-◎', 'value': -8.63}, {'name': '友達-◎', 'value': -23.0}, {'name': '華航', 'value': -13.77}, {'name': '晶豪科-◎', 'value': -9.54}, {'name': '緯創-◎', 'value': -6.84}, {'name': '威剛-◎', 'value': -7.17}, {'name': '群創-◎', 'value': -38.0}, {'name': '世芯-KY', 'value': -10.27}]
[]
緩緩下跌 彩晶-◎ -7.07
[{'name': '中鋼-◎', 'value': -26.82}, {'name': '東和鋼鐵', 'value': -5.52}, {'name': '聯電-◎', 'value': -13.43}, {'name': '宏碁-◎', 'value': -5.24}, {'name': '華碩-◎', 'value': -15.08}, {'name': '技嘉-◎', 'value': -6.18}, {'name': '廣達-◎', 'value': -22.78}, {'name': '南亞科-◎', 'value': -8.63}, {'name': '友達-◎', 'value': -23.0}, {'name': '華航', 'value': -13.77}, {'name': '晶豪科-◎', 'value': -9.54}, {'name': '緯創-◎', 'value': -6.84}, {'name': '威剛-◎', 'value': -7.17}, {'name': '群創-◎', 'value': -38.0}, {'name': '世芯-KY', 'value': -10.27}, {'name': '彩晶-◎', 'value': -7.07}]
[]
         買超概算   區間漲幅       代號              分類
0   -6.609323  -5.84       華紙           傳產-紙業
1  -19.934435  -3.89     中鋼-◎           傳產-鋼鐵
2   -5.784455   1.53     智邦-◎         電子中游-網通
3  -16.015020  -1.16     華碩-◎      電子下游-筆記型電腦
4   -8.150210   0.90     技嘉-◎        電子中游-主機板
5  -20.206254   0.11     廣達-◎      電子下游-筆記型電腦
6   -5.463646  -0.88    南亞科-◎  電子上游-IC-DRAM製造
7  -32.479708 -12.25     友達-◎  電子中游-LCD-TFT面板
8   -7.930190  -0.53       華航           傳產-航運
9   -5.070540   0.58     聯詠-●      電子上游-IC-設計
10  -9.482885  -0.39     欣興-◎     電子上游-PCB-製造
11  -7.920703  -1.31     緯創-◎      電子下游-筆記型電腦
12 -59.830353 -12.92     群創-◎  電子中游-LCD-TFT面板
13  -6.416715   1.89       敦泰      電子上游-IC-設計
14  -8.514920   1.76    世芯-KY      電子上游-IC-設計
15  -8.801396   4.77  臻鼎-KY-◎     電子上游-PCB-製造
16  -9.445722  -9.50     彩晶-◎  電子中游-LCD-TFT面板
         買超概算       代號              分類  node1
0   -6.609323       華紙           傳產-紙業   緩緩下跌
1  -19.934435     中鋼-◎           傳產-鋼鐵   緩緩下跌
2   -5.784455     智邦-◎         電子中游-網通   緩緩上漲
3  -16.015020     華碩-◎      電子下游-筆記型電腦   緩緩下跌
4   -8.150210     技嘉-◎        電子中游-主機板   緩緩上漲
5  -20.206254     廣達-◎      電子下游-筆記型電腦   緩緩上漲
6   -5.463646    南亞科-◎  電子上游-IC-DRAM製造   緩緩下跌
7  -32.479708     友達-◎  電子中游-LCD-TFT面板  下跌ing
8   -7.930190       華航           傳產-航運   緩緩下跌
9   -5.070540     聯詠-●      電子上游-IC-設計   緩緩上漲
10  -9.482885     欣興-◎     電子上游-PCB-製造   緩緩下跌
11  -7.920703     緯創-◎      電子下游-筆記型電腦   緩緩下跌
12 -59.830353     群創-◎  電子中游-LCD-TFT面板  下跌ing
13  -6.416715       敦泰      電子上游-IC-設計   緩緩上漲
14  -8.514920    世芯-KY      電子上游-IC-設計   緩緩上漲
15  -8.801396  臻鼎-KY-◎     電子上游-PCB-製造   緩緩上漲
16  -9.445722     彩晶-◎  電子中游-LCD-TFT面板   緩緩下跌
                分類  node1    node2  node3
0            傳產-紙業   緩緩下跌       華紙  -6.61
1            傳產-鋼鐵   緩緩下跌     中鋼-◎ -19.93
2          電子中游-網通   緩緩上漲     智邦-◎  -5.78
3       電子下游-筆記型電腦   緩緩下跌     華碩-◎ -16.02
4         電子中游-主機板   緩緩上漲     技嘉-◎  -8.15
5       電子下游-筆記型電腦   緩緩上漲     廣達-◎ -20.21
6   電子上游-IC-DRAM製造   緩緩下跌    南亞科-◎  -5.46
7   電子中游-LCD-TFT面板  下跌ing     友達-◎ -32.48
8            傳產-航運   緩緩下跌       華航  -7.93
9       電子上游-IC-設計   緩緩上漲     聯詠-●  -5.07
10     電子上游-PCB-製造   緩緩下跌     欣興-◎  -9.48
11      電子下游-筆記型電腦   緩緩下跌     緯創-◎  -7.92
12  電子中游-LCD-TFT面板  下跌ing     群創-◎ -59.83
13      電子上游-IC-設計   緩緩上漲       敦泰  -6.42
14      電子上游-IC-設計   緩緩上漲    世芯-KY  -8.51
15     電子上游-PCB-製造   緩緩上漲  臻鼎-KY-◎  -8.80
16  電子中游-LCD-TFT面板   緩緩下跌     彩晶-◎  -9.45
    node1    node2  node3           node4
0    緩緩下跌       華紙  -6.61           傳產-紙業
1    緩緩下跌     中鋼-◎ -19.93           傳產-鋼鐵
2    緩緩上漲     智邦-◎  -5.78         電子中游-網通
3    緩緩下跌     華碩-◎ -16.02      電子下游-筆記型電腦
4    緩緩上漲     技嘉-◎  -8.15        電子中游-主機板
5    緩緩上漲     廣達-◎ -20.21      電子下游-筆記型電腦
6    緩緩下跌    南亞科-◎  -5.46  電子上游-IC-DRAM製造
7   下跌ing     友達-◎ -32.48  電子中游-LCD-TFT面板
8    緩緩下跌       華航  -7.93           傳產-航運
9    緩緩上漲     聯詠-●  -5.07      電子上游-IC-設計
10   緩緩下跌     欣興-◎  -9.48     電子上游-PCB-製造
11   緩緩下跌     緯創-◎  -7.92      電子下游-筆記型電腦
12  下跌ing     群創-◎ -59.83  電子中游-LCD-TFT面板
13   緩緩上漲       敦泰  -6.42      電子上游-IC-設計
14   緩緩上漲    世芯-KY  -8.51      電子上游-IC-設計
15   緩緩上漲  臻鼎-KY-◎  -8.80     電子上游-PCB-製造
16   緩緩下跌     彩晶-◎  -9.45  電子中游-LCD-TFT面板
緩緩下跌 華紙 -6.61
[{'name': '華紙', 'value': -6.61}]
[]
緩緩下跌 中鋼-◎ -19.93
[{'name': '華紙', 'value': -6.61}, {'name': '中鋼-◎', 'value': -19.93}]
[]
緩緩上漲 智邦-◎ -5.78
[{'name': '華紙', 'value': -6.61}, {'name': '中鋼-◎', 'value': -19.93}]
[]
緩緩下跌 華碩-◎ -16.02
[{'name': '華紙', 'value': -6.61}, {'name': '中鋼-◎', 'value': -19.93}, {'name': '華碩-◎', 'value': -16.02}]
[]
緩緩上漲 技嘉-◎ -8.15
[{'name': '華紙', 'value': -6.61}, {'name': '中鋼-◎', 'value': -19.93}, {'name': '華碩-◎', 'value': -16.02}]
[]
緩緩上漲 廣達-◎ -20.21
[{'name': '華紙', 'value': -6.61}, {'name': '中鋼-◎', 'value': -19.93}, {'name': '華碩-◎', 'value': -16.02}]
[]
緩緩下跌 南亞科-◎ -5.46
[{'name': '華紙', 'value': -6.61}, {'name': '中鋼-◎', 'value': -19.93}, {'name': '華碩-◎', 'value': -16.02}, {'name': '南亞科-◎', 'value': -5.46}]
[]
下跌ing 友達-◎ -32.48
[{'name': '華紙', 'value': -6.61}, {'name': '中鋼-◎', 'value': -19.93}, {'name': '華碩-◎', 'value': -16.02}, {'name': '南亞科-◎', 'value': -5.46}]
[{'name': '友達-◎', 'value': -32.48}]
緩緩下跌 華航 -7.93
[{'name': '華紙', 'value': -6.61}, {'name': '中鋼-◎', 'value': -19.93}, {'name': '華碩-◎', 'value': -16.02}, {'name': '南亞科-◎', 'value': -5.46}, {'name': '華航', 'value': -7.93}]
[{'name': '友達-◎', 'value': -32.48}]
緩緩上漲 聯詠-● -5.07
[{'name': '華紙', 'value': -6.61}, {'name': '中鋼-◎', 'value': -19.93}, {'name': '華碩-◎', 'value': -16.02}, {'name': '南亞科-◎', 'value': -5.46}, {'name': '華航', 'value': -7.93}]
[{'name': '友達-◎', 'value': -32.48}]
緩緩下跌 欣興-◎ -9.48
[{'name': '華紙', 'value': -6.61}, {'name': '中鋼-◎', 'value': -19.93}, {'name': '華碩-◎', 'value': -16.02}, {'name': '南亞科-◎', 'value': -5.46}, {'name': '華航', 'value': -7.93}, {'name': '欣興-◎', 'value': -9.48}]
[{'name': '友達-◎', 'value': -32.48}]
緩緩下跌 緯創-◎ -7.92
[{'name': '華紙', 'value': -6.61}, {'name': '中鋼-◎', 'value': -19.93}, {'name': '華碩-◎', 'value': -16.02}, {'name': '南亞科-◎', 'value': -5.46}, {'name': '華航', 'value': -7.93}, {'name': '欣興-◎', 'value': -9.48}, {'name': '緯創-◎', 'value': -7.92}]
[{'name': '友達-◎', 'value': -32.48}]
下跌ing 群創-◎ -59.83
[{'name': '華紙', 'value': -6.61}, {'name': '中鋼-◎', 'value': -19.93}, {'name': '華碩-◎', 'value': -16.02}, {'name': '南亞科-◎', 'value': -5.46}, {'name': '華航', 'value': -7.93}, {'name': '欣興-◎', 'value': -9.48}, {'name': '緯創-◎', 'value': -7.92}]
[{'name': '友達-◎', 'value': -32.48}, {'name': '群創-◎', 'value': -59.83}]
緩緩上漲 敦泰 -6.42
[{'name': '華紙', 'value': -6.61}, {'name': '中鋼-◎', 'value': -19.93}, {'name': '華碩-◎', 'value': -16.02}, {'name': '南亞科-◎', 'value': -5.46}, {'name': '華航', 'value': -7.93}, {'name': '欣興-◎', 'value': -9.48}, {'name': '緯創-◎', 'value': -7.92}]
[{'name': '友達-◎', 'value': -32.48}, {'name': '群創-◎', 'value': -59.83}]
緩緩上漲 世芯-KY -8.51
[{'name': '華紙', 'value': -6.61}, {'name': '中鋼-◎', 'value': -19.93}, {'name': '華碩-◎', 'value': -16.02}, {'name': '南亞科-◎', 'value': -5.46}, {'name': '華航', 'value': -7.93}, {'name': '欣興-◎', 'value': -9.48}, {'name': '緯創-◎', 'value': -7.92}]
[{'name': '友達-◎', 'value': -32.48}, {'name': '群創-◎', 'value': -59.83}]
緩緩上漲 臻鼎-KY-◎ -8.8
[{'name': '華紙', 'value': -6.61}, {'name': '中鋼-◎', 'value': -19.93}, {'name': '華碩-◎', 'value': -16.02}, {'name': '南亞科-◎', 'value': -5.46}, {'name': '華航', 'value': -7.93}, {'name': '欣興-◎', 'value': -9.48}, {'name': '緯創-◎', 'value': -7.92}]
[{'name': '友達-◎', 'value': -32.48}, {'name': '群創-◎', 'value': -59.83}]
緩緩下跌 彩晶-◎ -9.45
[{'name': '華紙', 'value': -6.61}, {'name': '中鋼-◎', 'value': -19.93}, {'name': '華碩-◎', 'value': -16.02}, {'name': '南亞科-◎', 'value': -5.46}, {'name': '華航', 'value': -7.93}, {'name': '欣興-◎', 'value': -9.48}, {'name': '緯創-◎', 'value': -7.92}, {'name': '彩晶-◎', 'value': -9.45}]
[{'name': '友達-◎', 'value': -32.48}, {'name': '群創-◎', 'value': -59.83}]
