python: can't open file 'annual.xls': [Errno 2] No such file or directory
python: can't open file 'batch.sh': [Errno 2] No such file or directory
python: can't open file 'CFTC_optimized_2.py': [Errno 2] No such file or directory
python: can't open file 'CFTC_optimized.py': [Errno 2] No such file or directory
python: can't open file 'cftcs_annual_AUD.csv': [Errno 2] No such file or directory
python: can't open file 'cftcs_annual_BP.csv': [Errno 2] No such file or directory
python: can't open file 'cftcs_annual_CAD.csv': [Errno 2] No such file or directory
python: can't open file 'cftcs_annual_copper.csv': [Errno 2] No such file or directory
python: can't open file 'cftcs_annual_corn.csv': [Errno 2] No such file or directory
python: can't open file 'cftcs_annual_DJ.csv': [Errno 2] No such file or directory
python: can't open file 'cftcs_annual_EUD.csv': [Errno 2] No such file or directory
python: can't open file 'cftcs_annual_fiveYEAR_US_TREASURY_NOTES.csv': [Errno 2] No such file or directory
python: can't open file 'cftcs_annual_gasoline.csv': [Errno 2] No such file or directory
python: can't open file 'cftcs_annual_gold.csv': [Errno 2] No such file or directory
python: can't open file 'cftcs_annual_hot_fuel.csv': [Errno 2] No such file or directory
python: can't open file 'cftcs_annual_JPY.csv': [Errno 2] No such file or directory
python: can't open file 'cftcs_annual_light_crude_oil.csv': [Errno 2] No such file or directory
python: can't open file 'cftcs_annual_LONG_TERM_US_TREASURY_BONDS.csv': [Errno 2] No such file or directory
python: can't open file 'cftcs_annual_mini_sp.csv': [Errno 2] No such file or directory
python: can't open file 'cftcs_annual_NASDAQ.csv': [Errno 2] No such file or directory
python: can't open file 'cftcs_annual_natural_gas.csv': [Errno 2] No such file or directory
python: can't open file 'cftcs_annual_NZD.csv': [Errno 2] No such file or directory
python: can't open file 'cftcs_annual_palladium.csv': [Errno 2] No such file or directory
python: can't open file 'cftcs_annual_platinum.csv': [Errno 2] No such file or directory
python: can't open file 'cftcs_annual_SF.csv': [Errno 2] No such file or directory
python: can't open file 'cftcs_annual_silver.csv': [Errno 2] No such file or directory
python: can't open file 'cftcs_annual_soybean.csv': [Errno 2] No such file or directory
python: can't open file 'cftcs_annual_soybean_flour.csv': [Errno 2] No such file or directory
python: can't open file 'cftcs_annual_soybean_oil.csv': [Errno 2] No such file or directory
python: can't open file 'cftcs_annual_tenYEAR_US_TREASURY_NOTES.csv': [Errno 2] No such file or directory
python: can't open file 'cftcs_annual_thirtyDAY_FEDERAL_FUNDS.csv': [Errno 2] No such file or directory
python: can't open file 'cftcs_annual_threeMONTH_EURODOLLARS.csv': [Errno 2] No such file or directory
python: can't open file 'cftcs_annual_twoYEAR_US_TREASURY_NOTES.csv': [Errno 2] No such file or directory
python: can't open file 'cftcs_annual_USD.csv': [Errno 2] No such file or directory
python: can't open file 'cftcs_annual_US_TREASURY_BONDS.csv': [Errno 2] No such file or directory
python: can't open file 'cftcs_annual_wheat.csv': [Errno 2] No such file or directory
python: can't open file 'cftcs_FinFutYY_AUD.csv': [Errno 2] No such file or directory
python: can't open file 'cftcs_FinFutYY_BP.csv': [Errno 2] No such file or directory
python: can't open file 'cftcs_FinFutYY_CAD.csv': [Errno 2] No such file or directory
python: can't open file 'cftcs_FinFutYY_DJ.csv': [Errno 2] No such file or directory
python: can't open file 'cftcs_FinFutYY_EUD.csv': [Errno 2] No such file or directory
python: can't open file 'cftcs_FinFutYY_fiveYEAR_US_TREASURY_NOTES.csv': [Errno 2] No such file or directory
python: can't open file 'cftcs_FinFutYY_JPY.csv': [Errno 2] No such file or directory
python: can't open file 'cftcs_FinFutYY_LONG_TERM_US_TREASURY_BONDS.csv': [Errno 2] No such file or directory
python: can't open file 'cftcs_FinFutYY_mini_sp.csv': [Errno 2] No such file or directory
python: can't open file 'cftcs_FinFutYY_NASDAQ.csv': [Errno 2] No such file or directory
python: can't open file 'cftcs_FinFutYY_NZD.csv': [Errno 2] No such file or directory
python: can't open file 'cftcs_FinFutYY_SF.csv': [Errno 2] No such file or directory
python: can't open file 'cftcs_FinFutYY_tenYEAR_US_TREASURY_NOTES.csv': [Errno 2] No such file or directory
python: can't open file 'cftcs_FinFutYY_thirtyDAY_FEDERAL_FUNDS.csv': [Errno 2] No such file or directory
python: can't open file 'cftcs_FinFutYY_threeMONTH_EURODOLLARS.csv': [Errno 2] No such file or directory
python: can't open file 'cftcs_FinFutYY_twoYEAR_US_TREASURY_NOTES.csv': [Errno 2] No such file or directory
python: can't open file 'cftcs_FinFutYY_USD.csv': [Errno 2] No such file or directory
python: can't open file 'cftcs_FinFutYY_US_TREASURY_BONDS.csv': [Errno 2] No such file or directory
python: can't open file 'cftcs_f_year_copper.csv': [Errno 2] No such file or directory
python: can't open file 'cftcs_f_year_corn.csv': [Errno 2] No such file or directory
python: can't open file 'cftcs_f_year_gasoline.csv': [Errno 2] No such file or directory
python: can't open file 'cftcs_f_year_gold.csv': [Errno 2] No such file or directory
python: can't open file 'cftcs_f_year_hot_fuel.csv': [Errno 2] No such file or directory
python: can't open file 'cftcs_f_year_light_crude_oil.csv': [Errno 2] No such file or directory
python: can't open file 'cftcs_f_year_natural_gas.csv': [Errno 2] No such file or directory
python: can't open file 'cftcs_f_year_palladium.csv': [Errno 2] No such file or directory
python: can't open file 'cftcs_f_year_platinum.csv': [Errno 2] No such file or directory
python: can't open file 'cftcs_f_year_silver.csv': [Errno 2] No such file or directory
python: can't open file 'cftcs_f_year_soybean.csv': [Errno 2] No such file or directory
python: can't open file 'cftcs_f_year_soybean_flour.csv': [Errno 2] No such file or directory
python: can't open file 'cftcs_f_year_soybean_oil.csv': [Errno 2] No such file or directory
python: can't open file 'cftcs_f_year_wheat.csv': [Errno 2] No such file or directory
python: can't open file 'CFTC_test2.json': [Errno 2] No such file or directory
python: can't open file 'CFTC_test.json': [Errno 2] No such file or directory
python: can't open file 'cp2.log': [Errno 2] No such file or directory
python: can't open file 'cp.log': [Errno 2] No such file or directory
python: can't open file 'FinFutYY.xls': [Errno 2] No such file or directory
python: can't open file 'f_year.xls': [Errno 2] No such file or directory
python: can't open file 'rawdata': [Errno 2] No such file or directory
python: can't open file 'rawdata2': [Errno 2] No such file or directory
