                pct_ym    pct_nq    pct_es  ...    pct_zs    pct_zw    pct_zc
timestamp                                   ...                              
1.316966e+12  0.025708  0.010899  0.025448  ...       NaN       NaN       NaN
1.317053e+12  0.013489  0.012579  0.009495  ...  0.002580  0.015426  0.006559
1.317139e+12 -0.012950 -0.015750 -0.017743  ... -0.031275 -0.029624 -0.032963
1.317226e+12  0.011206 -0.013072  0.006529  ...  0.005313  0.024266  0.002774
1.317312e+12 -0.023245 -0.025120 -0.026162  ... -0.041463 -0.068781 -0.063241
...                ...       ...       ...  ...       ...       ...       ...
1.623773e+12 -0.007959 -0.004098 -0.005547  ... -0.083575  0.001890 -0.002179
1.623859e+12 -0.006253  0.013133 -0.000178  ... -0.067374 -0.035836 -0.069869
1.623946e+12 -0.015968 -0.008565 -0.013947  ...  0.048094  0.041862  0.063380
1.624205e+12  0.018278  0.006769  0.014506  ...  0.004760 -0.001127 -0.016336
1.624291e+12  0.002192  0.009076  0.005340  ... -0.012886 -0.015038 -0.032316

[2437 rows x 17 columns]
          pct_ym    pct_nq    pct_es  ...    pct_zs    pct_zw    pct_zc
pct_ym  1.000000  0.831828  0.968188  ...  0.133849  0.056297  0.089293
pct_nq  0.831828  1.000000  0.908783  ...  0.117077  0.050917  0.074025
pct_es  0.968188  0.908783  1.000000  ...  0.130297  0.053177  0.083943
pct_ec  0.067537  0.052481  0.077564  ...  0.096692  0.100904  0.057791
pct_jy -0.283491 -0.249211 -0.281608  ... -0.018672  0.019785  0.029988
pct_bp  0.185426  0.155340  0.192084  ...  0.087481  0.056553  0.043401
pct_cd  0.321428  0.270640  0.331600  ...  0.195967  0.128246  0.116796
pct_sf -0.027634 -0.027621 -0.018550  ...  0.034318  0.064202  0.042357
pct_ad  0.337949  0.304457  0.352016  ...  0.211547  0.120327  0.122321
pct_ty -0.255065 -0.190305 -0.248272  ... -0.028970 -0.019513 -0.015568
pct_gc  0.035445  0.056921  0.045231  ...  0.109255  0.086603  0.087878
pct_si  0.151077  0.154417  0.160894  ...  0.164641  0.096519  0.122158
pct_hg  0.315937  0.269040  0.320541  ...  0.206561  0.099681  0.122856
pct_cl  0.292677  0.247615  0.297128  ...  0.134865  0.079449  0.120674
pct_zs  0.133849  0.117077  0.130297  ...  1.000000  0.405320  0.543684
pct_zw  0.056297  0.050917  0.053177  ...  0.405320  1.000000  0.590199
pct_zc  0.089293  0.074025  0.083943  ...  0.543684  0.590199  1.000000

[17 rows x 17 columns]
update every 1st day of the month
