                pct_ym    pct_nq    pct_es  ...    pct_zs    pct_zw    pct_zc
timestamp                                   ...                              
1.592496e+12       NaN       NaN       NaN  ...       NaN       NaN       NaN
1.592755e+12  0.016609  0.020280  0.016751  ... -0.000285  0.008758 -0.012602
1.592842e+12  0.002582  0.007037  0.002491  ... -0.002568  0.003064 -0.012012
1.592928e+12 -0.024097 -0.018169 -0.022286  ... -0.004577 -0.010692 -0.006079
1.593014e+12  0.007994  0.007742  0.007133  ... -0.002011  0.005147 -0.019878
...                ...       ...       ...  ...       ...       ...       ...
1.623773e+12 -0.007959 -0.004098 -0.005547  ... -0.083575  0.001890 -0.002179
1.623859e+12 -0.006253  0.013133 -0.000178  ... -0.067374 -0.035836 -0.069869
1.623946e+12 -0.015968 -0.008565 -0.013947  ...  0.048094  0.041862  0.063380
1.624205e+12  0.018278  0.006769  0.014506  ...  0.004760 -0.001127 -0.016336
1.624291e+12  0.002192  0.009076  0.005340  ... -0.012886 -0.015038 -0.032316

[238 rows x 17 columns]
          pct_ym    pct_nq    pct_es  ...    pct_zs    pct_zw    pct_zc
pct_ym  1.000000  0.587585  0.897282  ...  0.026548  0.112560  0.007251
pct_nq  0.587585  1.000000  0.855136  ... -0.006564  0.054326 -0.003715
pct_es  0.897282  0.855136  1.000000  ...  0.005084  0.089313  0.000578
pct_ec  0.246976  0.277764  0.272468  ...  0.136499  0.140681  0.041496
pct_jy -0.052383  0.180936  0.053467  ...  0.095713  0.129844  0.059428
pct_bp  0.325167  0.295682  0.337942  ...  0.150563  0.105670  0.070123
pct_cd  0.470341  0.361683  0.462059  ...  0.273710  0.284062  0.190477
pct_sf  0.116288  0.248917  0.188763  ...  0.117974  0.093856  0.054264
pct_ad  0.456656  0.378090  0.466013  ...  0.210612  0.246318  0.130598
pct_ty -0.064405  0.265572  0.096776  ...  0.010374 -0.045269 -0.048639
pct_gc  0.064188  0.212543  0.152034  ...  0.121343  0.112980  0.143716
pct_si  0.143334  0.215480  0.203234  ...  0.083620  0.076860  0.138434
pct_hg  0.215404  0.097402  0.192705  ...  0.202062  0.246709  0.182339
pct_cl  0.374838  0.160968  0.307404  ...  0.166164  0.168256  0.111962
pct_zs  0.026548 -0.006564  0.005084  ...  1.000000  0.507736  0.692155
pct_zw  0.112560  0.054326  0.089313  ...  0.507736  1.000000  0.566561
pct_zc  0.007251 -0.003715  0.000578  ...  0.692155  0.566561  1.000000

[17 rows x 17 columns]
update on every 1st of the month
                pct_ym    pct_nq    pct_es  ...    pct_zs    pct_zw    pct_zc
timestamp                                   ...                              
1.595261e+12       NaN       NaN       NaN  ...       NaN       NaN       NaN
1.595347e+12  0.005912 -0.004308  0.004383  ...  0.002800  0.012790  0.012094
1.595434e+12 -0.012684 -0.023694 -0.011637  ...  0.005025 -0.009355  0.002240
1.595520e+12 -0.008326 -0.008461 -0.007281  ... -0.000833  0.018886 -0.001490
1.595779e+12  0.006155  0.020676  0.008817  ...  0.000556 -0.021779 -0.001493
...                ...       ...       ...  ...       ...       ...       ...
1.626365e+12 -0.008605 -0.007912 -0.007698  ...  0.008514  0.030506 -0.007640
1.626624e+12 -0.020976 -0.008844 -0.015573  ... -0.013652  0.007581  0.000453
1.626710e+12  0.016579  0.012517  0.015113  ...  0.011473  0.003941  0.024445
1.626797e+12  0.008401  0.007132  0.008110  ...  0.000900  0.014632  0.004861
1.626883e+12  0.000577  0.006795  0.002069  ... -0.019788 -0.026029 -0.012753

[238 rows x 17 columns]
          pct_ym    pct_nq    pct_es  ...    pct_zs    pct_zw    pct_zc
pct_ym  1.000000  0.579850  0.896023  ...  0.049979  0.053090  0.026870
pct_nq  0.579850  1.000000  0.853566  ... -0.027271  0.004157 -0.012464
pct_es  0.896023  0.853566  1.000000  ...  0.003292  0.021674 -0.000097
pct_ec  0.212327  0.271961  0.251228  ...  0.130084  0.119524  0.032119
pct_jy -0.127785  0.150157 -0.014378  ...  0.034188  0.055153  0.017745
pct_bp  0.303565  0.239432  0.291193  ...  0.126261  0.050254  0.047455
pct_cd  0.448432  0.315472  0.419800  ...  0.283833  0.215665  0.180784
pct_sf  0.063520  0.203193  0.131705  ...  0.091642  0.069383  0.018693
pct_ad  0.399403  0.323821  0.398614  ...  0.189605  0.172208  0.107939
pct_ty -0.087740  0.274451  0.087510  ...  0.009361 -0.018713 -0.036855
pct_gc  0.059790  0.221878  0.154130  ...  0.126312  0.106300  0.149783
pct_si  0.148787  0.231622  0.212055  ...  0.109471  0.072498  0.161157
pct_hg  0.249670  0.105181  0.217228  ...  0.211758  0.243342  0.180457
pct_cl  0.362077  0.146696  0.288588  ...  0.164728  0.107404  0.116168
pct_zs  0.049979 -0.027271  0.003292  ...  1.000000  0.574728  0.721505
pct_zw  0.053090  0.004157  0.021674  ...  0.574728  1.000000  0.621135
pct_zc  0.026870 -0.012464 -0.000097  ...  0.721505  0.621135  1.000000

[17 rows x 17 columns]
update on every 1st of the month
                pct_ym    pct_nq    pct_es  ...    pct_zs    pct_zw    pct_zc
timestamp                                   ...                              
1.597766e+12       NaN       NaN       NaN  ...       NaN       NaN       NaN
1.597853e+12  0.001339  0.012818  0.002372  ... -0.009573  0.012452 -0.001472
1.597939e+12  0.006867  0.007384  0.003476  ... -0.000552  0.012299  0.003685
1.598198e+12  0.008794  0.006422  0.010317  ...  0.001105 -0.013551  0.013216
1.598285e+12  0.003167  0.007734  0.004522  ...  0.016009  0.014685  0.027536
...                ...       ...       ...  ...       ...       ...       ...
1.629043e+12  0.003219  0.000545  0.002577  ...  0.002381 -0.002296 -0.007417
1.629130e+12 -0.007739 -0.009019 -0.006817  ... -0.004933 -0.015779 -0.009231
1.629216e+12 -0.010550 -0.009885 -0.011027  ... -0.006059  0.003674  0.002662
1.629302e+12 -0.001978  0.005303  0.001593  ... -0.024570 -0.011314 -0.025221
1.629389e+12  0.006893  0.010634  0.008065  ... -0.022159 -0.019522 -0.024966

[238 rows x 17 columns]
          pct_ym    pct_nq    pct_es  ...    pct_zs    pct_zw    pct_zc
pct_ym  1.000000  0.587310  0.903820  ...  0.056621  0.073789  0.028927
pct_nq  0.587310  1.000000  0.854401  ... -0.046580  0.007104 -0.026119
pct_es  0.903820  0.854401  1.000000  ... -0.004064  0.024141 -0.007653
pct_ec  0.223561  0.259935  0.254365  ...  0.146473  0.144143  0.041015
pct_jy -0.103833  0.142917 -0.006327  ...  0.054091  0.078302  0.038129
pct_bp  0.337643  0.236089  0.311024  ...  0.154475  0.074360  0.069907
pct_cd  0.443213  0.314420  0.417650  ...  0.308529  0.238687  0.201237
pct_sf  0.079907  0.214487  0.143704  ...  0.107929  0.080268  0.023078
pct_ad  0.407539  0.316355  0.401268  ...  0.218436  0.198318  0.136561
pct_ty -0.087826  0.264819  0.078070  ...  0.017681 -0.000801 -0.024183
pct_gc  0.063764  0.188144  0.136287  ...  0.141298  0.135593  0.157126
pct_si  0.126645  0.204865  0.191468  ...  0.126169  0.116513  0.170455
pct_hg  0.279848  0.109536  0.240485  ...  0.223143  0.241130  0.189038
pct_cl  0.357896  0.122843  0.275137  ...  0.174046  0.108182  0.123767
pct_zs  0.056621 -0.046580 -0.004064  ...  1.000000  0.575476  0.716052
pct_zw  0.073789  0.007104  0.024141  ...  0.575476  1.000000  0.636496
pct_zc  0.028927 -0.026119 -0.007653  ...  0.716052  0.636496  1.000000

[17 rows x 17 columns]
update on every 1st of the month
                pct_ym    pct_nq    pct_es  ...    pct_zs    pct_zw    pct_zc
timestamp                                   ...                              
1.603210e+12       NaN       NaN       NaN  ...       NaN       NaN       NaN
1.603296e+12  0.004763 -0.003550  0.004880  ...  0.001632 -0.011116  0.006042
1.603382e+12 -0.002795  0.001180  0.000725  ...  0.009313  0.016058  0.007207
1.603642e+12 -0.021569 -0.014683 -0.016875  ... -0.000231 -0.020150 -0.003578
1.603728e+12 -0.007831  0.008332 -0.003094  ... -0.006461 -0.006855 -0.004189
...                ...       ...       ...  ...       ...       ...       ...
1.634486e+12 -0.001080  0.010308  0.003361  ...  0.003079  0.003065  0.013314
1.634573e+12  0.005408  0.007063  0.007538  ...  0.005321 -0.000340 -0.004693
1.634659e+12  0.004360 -0.001364  0.003713  ...  0.014251  0.018003  0.016973
1.634746e+12  0.000085  0.006584  0.003037  ... -0.017262 -0.010677 -0.012981
1.634832e+12  0.002170 -0.008899 -0.001156  ... -0.002859  0.019899  0.010803

[251 rows x 17 columns]
          pct_ym    pct_nq    pct_es  ...    pct_zs    pct_zw    pct_zc
pct_ym  1.000000  0.552839  0.900005  ...  0.117711  0.072769  0.051860
pct_nq  0.552839  1.000000  0.842236  ...  0.009249 -0.005641 -0.022619
pct_es  0.900005  0.842236  1.000000  ...  0.061214  0.030684  0.009732
pct_ec  0.252945  0.274168  0.281544  ...  0.159074  0.152906  0.046409
pct_jy -0.088621  0.186674  0.020028  ...  0.036832  0.123028  0.041120
pct_bp  0.384269  0.230774  0.345373  ...  0.187255  0.100034  0.098278
pct_cd  0.470474  0.316878  0.442824  ...  0.309896  0.259984  0.212405
pct_sf  0.113213  0.238629  0.176031  ...  0.107127  0.104305  0.038027
pct_ad  0.482540  0.362000  0.471283  ...  0.224659  0.247006  0.152977
pct_ty -0.064948  0.283821  0.097485  ...  0.011968  0.046522 -0.007803
pct_gc  0.040248  0.171904  0.108028  ...  0.131865  0.157396  0.148063
pct_si  0.142543  0.191427  0.189968  ...  0.160534  0.161952  0.188321
pct_hg  0.353068  0.207685  0.323051  ...  0.237348  0.225815  0.209969
pct_cl  0.374726  0.092853  0.286429  ...  0.193361  0.094356  0.155928
pct_zs  0.117711  0.009249  0.061214  ...  1.000000  0.549077  0.708313
pct_zw  0.072769 -0.005641  0.030684  ...  0.549077  1.000000  0.636209
pct_zc  0.051860 -0.022619  0.009732  ...  0.708313  0.636209  1.000000

[17 rows x 17 columns]
update on every 1st of the month
                pct_ym    pct_nq    pct_es  ...    pct_zs    pct_zw    pct_zc
timestamp                                   ...                              
1.605802e+12       NaN       NaN       NaN  ...       NaN       NaN       NaN
1.606061e+12  0.011434 -0.000042  0.006119  ...  0.008891  0.008340  0.011675
1.606147e+12  0.015298  0.014342  0.015870  ... -0.000210  0.021505 -0.001731
1.606234e+12 -0.005667  0.006314 -0.001514  ... -0.006086 -0.034008 -0.011561
1.606406e+12  0.001542  0.008661  0.002550  ...  0.006546  0.015926  0.014620
...                ...       ...       ...  ...       ...       ...       ...
1.636992e+12  0.001444  0.006981  0.003633  ... -0.004772 -0.019365 -0.009540
1.637078e+12 -0.005380  0.000659 -0.002076  ...  0.020579  0.014810  0.007443
1.637165e+12 -0.001561  0.010407  0.003254  ... -0.009201  0.010337 -0.003911
1.637251e+12 -0.007316  0.005688 -0.001489  ... -0.001581  0.004213 -0.003927
1.637510e+12  0.000619 -0.011644 -0.003142  ...  0.008708  0.027869  0.023653

[251 rows x 17 columns]
          pct_ym    pct_nq    pct_es  ...    pct_zs    pct_zw    pct_zc
pct_ym  1.000000  0.559308  0.888809  ...  0.060793  0.016521 -0.012493
pct_nq  0.559308  1.000000  0.856906  ... -0.031408 -0.039928 -0.059744
pct_es  0.888809  0.856906  1.000000  ...  0.006430 -0.020431 -0.049431
pct_ec  0.240070  0.235193  0.258122  ...  0.115894  0.121873  0.016452
pct_jy -0.039832  0.165667  0.050725  ...  0.025192  0.096538  0.015076
pct_bp  0.381920  0.237021  0.347947  ...  0.159604  0.059877  0.045188
pct_cd  0.443188  0.282861  0.401732  ...  0.289790  0.228255  0.188576
pct_sf  0.148055  0.214438  0.190283  ...  0.092145  0.096503  0.030303
pct_ad  0.450692  0.329620  0.430872  ...  0.188548  0.221789  0.128273
pct_ty -0.015904  0.286541  0.135925  ...  0.012055  0.013849 -0.023081
pct_gc  0.043250  0.138284  0.101235  ...  0.117464  0.139576  0.131317
pct_si  0.122677  0.151942  0.164456  ...  0.136376  0.143317  0.170903
pct_hg  0.370607  0.213892  0.335590  ...  0.221871  0.208363  0.193463
pct_cl  0.307544  0.056094  0.224910  ...  0.157167  0.066336  0.119794
pct_zs  0.060793 -0.031408  0.006430  ...  1.000000  0.551135  0.693597
pct_zw  0.016521 -0.039928 -0.020431  ...  0.551135  1.000000  0.641191
pct_zc -0.012493 -0.059744 -0.049431  ...  0.693597  0.641191  1.000000

[17 rows x 17 columns]
update on every 1st of the month
                pct_ym    pct_nq    pct_es  ...    pct_zs    pct_zw    pct_zc
timestamp                                   ...                              
1.608480e+12       NaN       NaN       NaN  ...       NaN       NaN       NaN
1.608566e+12 -0.006675  0.002089 -0.002306  ...  0.002004  0.009407  0.007955
1.608653e+12  0.004079 -0.004622  0.001156  ...  0.008000  0.020665  0.008455
1.608739e+12  0.002497  0.004209  0.003667  ...  0.003571 -0.004367  0.008385
1.609085e+12  0.006510  0.010095  0.008796  ... -0.005733 -0.020335  0.012195
...                ...       ...       ...  ...       ...       ...       ...
1.639584e+12  0.009676 -0.003642  0.006752  ...  0.014093 -0.020966  0.001694
1.639670e+12 -0.015060 -0.004963 -0.010570  ...  0.006263  0.005840  0.003383
1.639930e+12 -0.012453 -0.010562 -0.011171  ...  0.007392  0.003548 -0.003793
1.640016e+12  0.016316  0.022966  0.018043  ...  0.013902  0.027322  0.012267
1.640102e+12  0.007094  0.011874  0.009751  ...  0.016949  0.018773  0.007104

[251 rows x 17 columns]
          pct_ym    pct_nq    pct_es  ...    pct_zs    pct_zw    pct_zc
pct_ym  1.000000  0.596306  0.899676  ...  0.074825  0.046648 -0.001906
pct_nq  0.596306  1.000000  0.870829  ... -0.019734  0.018161 -0.050775
pct_es  0.899676  0.870829  1.000000  ...  0.027235  0.030577 -0.035099
pct_ec  0.175877  0.172403  0.193156  ...  0.113906  0.096285  0.018849
pct_jy -0.163456  0.043044 -0.081006  ... -0.006205  0.030600  0.015122
pct_bp  0.392429  0.243797  0.354786  ...  0.164145  0.118286  0.054568
pct_cd  0.479889  0.326808  0.443615  ...  0.291519  0.240654  0.193910
pct_sf  0.075828  0.159518  0.125344  ...  0.083104  0.069901  0.028749
pct_ad  0.478703  0.376678  0.473276  ...  0.179834  0.198698  0.117581
pct_ty -0.116391  0.158023  0.015672  ...  0.007013 -0.039420 -0.020956
pct_gc  0.041536  0.110222  0.087047  ...  0.136090  0.146490  0.142892
pct_si  0.143173  0.147201  0.174541  ...  0.148213  0.173936  0.185726
pct_hg  0.411241  0.237514  0.367450  ...  0.237159  0.225992  0.192256
pct_cl  0.423207  0.160465  0.342529  ...  0.168847  0.107703  0.110628
pct_zs  0.074825 -0.019734  0.027235  ...  1.000000  0.550986  0.691987
pct_zw  0.046648  0.018161  0.030577  ...  0.550986  1.000000  0.638198
pct_zc -0.001906 -0.050775 -0.035099  ...  0.691987  0.638198  1.000000

[17 rows x 17 columns]
update on every 1st of the month
                pct_ym    pct_nq    pct_es  ...    pct_zs    pct_zw    pct_zc
timestamp                                   ...                              
1.610986e+12       NaN       NaN       NaN  ...       NaN       NaN       NaN
1.611072e+12  0.008693  0.023777  0.014378  ... -0.011727 -0.006694 -0.007605
1.611158e+12 -0.000450  0.007616  0.000260  ...  0.000548 -0.010483  0.004310
1.611245e+12 -0.005566 -0.002538 -0.003055  ... -0.042693 -0.039728 -0.045303
1.611504e+12 -0.001326  0.008532  0.003717  ...  0.024204  0.022065  0.021978
...                ...       ...       ...  ...       ...       ...       ...
1.642003e+12 -0.004729 -0.024989 -0.013623  ... -0.015723 -0.014517 -0.019199
1.642090e+12 -0.005363  0.006811  0.000591  ... -0.005446 -0.007030  0.014894
1.642435e+12 -0.015002 -0.024991 -0.017939  ... -0.006206  0.037087  0.005451
1.642522e+12 -0.009898 -0.011344 -0.010282  ...  0.022039  0.035761  0.018349
1.642694e+12 -0.021570 -0.040376 -0.029673  ...  0.016532 -0.020716  0.009419

[252 rows x 17 columns]
          pct_ym    pct_nq    pct_es  ...    pct_zs    pct_zw    pct_zc
pct_ym  1.000000  0.627710  0.901506  ...  0.073916  0.047483 -0.007333
pct_nq  0.627710  1.000000  0.888027  ... -0.017472  0.027784 -0.043954
pct_es  0.901506  0.888027  1.000000  ...  0.027488  0.040413 -0.032024
pct_ec  0.168878  0.155859  0.181245  ...  0.106647  0.074382  0.000669
pct_jy -0.179426  0.021122 -0.096870  ... -0.036788 -0.023217 -0.018353
pct_bp  0.400880  0.246871  0.358866  ...  0.139917  0.066586  0.020311
pct_cd  0.456912  0.293470  0.413806  ...  0.246332  0.223289  0.164604
pct_sf  0.080451  0.134997  0.117498  ...  0.086678  0.046996  0.021209
pct_ad  0.467675  0.363383  0.456242  ...  0.143861  0.180752  0.088215
pct_ty -0.098336  0.136290  0.019127  ...  0.019199 -0.054656 -0.021513
pct_gc  0.073620  0.117994  0.113656  ...  0.172896  0.170229  0.162961
pct_si  0.134385  0.135985  0.162741  ...  0.188811  0.205644  0.202437
pct_hg  0.395422  0.211307  0.341524  ...  0.254084  0.219203  0.191603
pct_cl  0.402433  0.159801  0.325804  ...  0.155177  0.090737  0.107390
pct_zs  0.073916 -0.017472  0.027488  ...  1.000000  0.525383  0.685705
pct_zw  0.047483  0.027784  0.040413  ...  0.525383  1.000000  0.625682
pct_zc -0.007333 -0.043954 -0.032024  ...  0.685705  0.625682  1.000000

[17 rows x 17 columns]
update on every 1st of the month
                pct_ym    pct_nq    pct_es  ...    pct_zs    pct_zw    pct_zc
timestamp                                   ...                              
1.613491e+12       NaN       NaN       NaN  ...       NaN       NaN       NaN
1.613578e+12 -0.003740 -0.004872 -0.004710  ... -0.006323  0.026620 -0.004973
1.613664e+12  0.000064 -0.004181 -0.001663  ...  0.001636 -0.014656 -0.015448
1.613923e+12  0.001050 -0.025910 -0.007558  ...  0.007442  0.021739  0.016151
1.614010e+12  0.000826 -0.002439  0.001162  ...  0.015135  0.000747  0.003633
...                ...       ...       ...  ...       ...       ...       ...
1.644854e+12  0.012561  0.025012  0.016045  ... -0.011943 -0.024398 -0.027068
1.644941e+12 -0.001518 -0.000650  0.001232  ...  0.023368  0.008336  0.014107
1.645027e+12 -0.017790 -0.029812 -0.021365  ...  0.002835  0.023529  0.004637
1.645114e+12 -0.006544 -0.011913 -0.007087  ...  0.007224 -0.000932  0.004231
1.645459e+12 -0.014174 -0.009521 -0.010015  ...  0.019645  0.060323  0.030257

[252 rows x 17 columns]
          pct_ym    pct_nq    pct_es  ...    pct_zs    pct_zw    pct_zc
pct_ym  1.000000  0.650548  0.901960  ...  0.094850  0.014576 -0.016772
pct_nq  0.650548  1.000000  0.901381  ...  0.009523 -0.007920 -0.048243
pct_es  0.901960  0.901381  1.000000  ...  0.058308  0.005636 -0.036013
pct_ec  0.203096  0.196340  0.225182  ...  0.111691  0.008772 -0.032452
pct_jy -0.190180  0.018576 -0.097471  ... -0.034016  0.008919 -0.005602
pct_bp  0.387621  0.229145  0.342524  ...  0.148745  0.036495  0.001348
pct_cd  0.432760  0.263785  0.383101  ...  0.246314  0.176474  0.147363
pct_sf  0.100694  0.167270  0.153982  ...  0.105147  0.033249  0.029119
pct_ad  0.443056  0.334994  0.422972  ...  0.156166  0.156469  0.069832
pct_ty -0.072367  0.132737  0.038786  ...  0.034362 -0.014802  0.001215
pct_gc  0.058279  0.078363  0.080612  ...  0.182418  0.208676  0.181317
pct_si  0.156600  0.113176  0.151683  ...  0.211598  0.245149  0.208733
pct_hg  0.381339  0.209107  0.327121  ...  0.266527  0.167980  0.181151
pct_cl  0.326678  0.092074  0.242822  ...  0.159907  0.103968  0.117767
pct_zs  0.094850  0.009523  0.058308  ...  1.000000  0.465574  0.665098
pct_zw  0.014576 -0.007920  0.005636  ...  0.465574  1.000000  0.608118
pct_zc -0.016772 -0.048243 -0.036013  ...  0.665098  0.608118  1.000000

[17 rows x 17 columns]
update on every 1st of the month
                pct_ym    pct_nq    pct_es  ...    pct_zs    pct_zw    pct_zc
timestamp                                   ...                              
1.615910e+12       NaN       NaN       NaN  ...       NaN       NaN       NaN
1.615997e+12 -0.004224 -0.031030 -0.014507  ... -0.017986 -0.014844 -0.020609
1.616083e+12 -0.007996  0.005067 -0.001600  ...  0.017238 -0.005551  0.020586
1.616342e+12  0.003569  0.017692  0.007757  ...  0.000883  0.000399 -0.015688
1.616429e+12 -0.009596 -0.005011 -0.007697  ...  0.004056  0.011957  0.004098
...                ...       ...       ...  ...       ...       ...       ...
1.647360e+12  0.012585  0.037021  0.022510  ... -0.005727 -0.073641 -0.036939
1.647446e+12  0.011957  0.011326  0.012070  ...  0.011672  0.026888  0.033562
1.647533e+12  0.007945  0.021672  0.011699  ... -0.000300 -0.031193 -0.016899
1.647792e+12 -0.005688 -0.002983 -0.000281  ...  0.013789  0.052174  0.019548
1.647878e+12  0.007928  0.019728  0.011848  ...  0.003253 -0.000893 -0.004298

[252 rows x 17 columns]
          pct_ym    pct_nq    pct_es  ...    pct_zs    pct_zw    pct_zc
pct_ym  1.000000  0.723135  0.922135  ...  0.004510 -0.109815 -0.094035
pct_nq  0.723135  1.000000  0.920987  ... -0.051855 -0.105404 -0.109083
pct_es  0.922135  0.920987  1.000000  ... -0.027283 -0.116669 -0.108188
pct_ec  0.290344  0.259707  0.302240  ...  0.065929 -0.181828 -0.114941
pct_jy -0.191639 -0.035499 -0.120743  ... -0.003195  0.005548  0.021656
pct_bp  0.447467  0.294563  0.403062  ...  0.111945 -0.099194 -0.055750
pct_cd  0.446999  0.298080  0.406988  ...  0.198839  0.045054  0.116666
pct_sf  0.134002  0.139979  0.160232  ...  0.134840 -0.000936  0.029943
pct_ad  0.456324  0.364346  0.445729  ...  0.135812  0.041017  0.061651
pct_ty -0.184246 -0.022743 -0.111467  ...  0.066395  0.049721  0.058503
pct_gc -0.099558 -0.074509 -0.084746  ...  0.238741  0.243504  0.243113
pct_si  0.011989 -0.003903  0.011487  ...  0.272304  0.260373  0.280009
pct_hg  0.322763  0.214243  0.298201  ...  0.256961  0.116827  0.197944
pct_cl  0.161934  0.010674  0.108957  ...  0.189549  0.271454  0.175428
pct_zs  0.004510 -0.051855 -0.027283  ...  1.000000  0.403256  0.672421
pct_zw -0.109815 -0.105404 -0.116669  ...  0.403256  1.000000  0.564684
pct_zc -0.094035 -0.109083 -0.108188  ...  0.672421  0.564684  1.000000

[17 rows x 17 columns]
update on every 1st of the month
                pct_ym    pct_nq    pct_es  ...    pct_zs    pct_zw    pct_zc
timestamp                                   ...                              
1.618762e+12       NaN       NaN       NaN  ...       NaN       NaN       NaN
1.618848e+12 -0.007509 -0.007412 -0.006979  ...  0.014793  0.011472  0.019811
1.618934e+12  0.009287  0.009062  0.009269  ...  0.014920  0.020794  0.024493
1.619021e+12 -0.009025 -0.012141 -0.008884  ...  0.023488  0.052593  0.041220
1.619107e+12  0.006882  0.012854  0.010599  ...  0.001156  0.002463  0.001584
...                ...       ...       ...  ...       ...       ...       ...
1.650211e+12 -0.001310  0.001008 -0.000171  ...  0.016814  0.021956  0.029665
1.650298e+12  0.015388  0.022254  0.016527  ... -0.000886 -0.017497 -0.008984
1.650384e+12  0.006831 -0.014947 -0.000841  ...  0.014925 -0.010370  0.012817
1.650470e+12 -0.010548 -0.019743 -0.014589  ...  0.001456 -0.019134 -0.018210
1.650557e+12 -0.028264 -0.027298 -0.028072  ... -0.018319 -0.001161 -0.007859

[252 rows x 17 columns]
          pct_ym    pct_nq    pct_es  ...    pct_zs    pct_zw    pct_zc
pct_ym  1.000000  0.741575  0.928195  ...  0.037565 -0.119938 -0.091330
pct_nq  0.741575  1.000000  0.925578  ... -0.070323 -0.139017 -0.145621
pct_es  0.928195  0.925578  1.000000  ... -0.013287 -0.135783 -0.125961
pct_ec  0.309633  0.245128  0.302927  ...  0.055024 -0.205152 -0.155727
pct_jy -0.166179 -0.060199 -0.114766  ...  0.025004  0.015141  0.038555
pct_bp  0.468424  0.307446  0.417552  ...  0.129820 -0.089170 -0.047326
pct_cd  0.464334  0.288816  0.412822  ...  0.203823  0.036077  0.105321
pct_sf  0.113554  0.099828  0.129454  ...  0.156857  0.015469  0.046708
pct_ad  0.464537  0.369510  0.452317  ...  0.152234  0.032279  0.060099
pct_ty -0.164847 -0.010666 -0.098463  ...  0.057364  0.024970  0.055652
pct_gc -0.113809 -0.103850 -0.107754  ...  0.231555  0.253605  0.231289
pct_si  0.007557 -0.009750  0.005898  ...  0.276159  0.273058  0.271634
pct_hg  0.296288  0.199255  0.274326  ...  0.264472  0.107522  0.209525
pct_cl  0.146665 -0.004431  0.088354  ...  0.263522  0.310828  0.193452
pct_zs  0.037565 -0.070323 -0.013287  ...  1.000000  0.406950  0.650179
pct_zw -0.119938 -0.139017 -0.135783  ...  0.406950  1.000000  0.568365
pct_zc -0.091330 -0.145621 -0.125961  ...  0.650179  0.568365  1.000000

[17 rows x 17 columns]
update on every 1st of the month
                pct_ym    pct_nq    pct_es  ...    pct_zs    pct_zw    pct_zc
timestamp                                   ...                              
1.621267e+12       NaN       NaN       NaN  ...       NaN       NaN       NaN
1.621354e+12 -0.004854  0.001627 -0.002789  ... -0.022868 -0.026862  0.000000
1.621440e+12  0.005823  0.019118  0.010398  ... -0.003250 -0.005889  0.009495
1.621526e+12  0.003673 -0.006043 -0.000602  ... -0.004565 -0.001481 -0.007524
1.621786e+12  0.005827  0.017176  0.010116  ... -0.002293 -0.017798 -0.003412
...                ...       ...       ...  ...       ...       ...       ...
1.652630e+12  0.001214 -0.011145 -0.003732  ...  0.006073  0.059448  0.036160
1.652717e+12  0.013122  0.025766  0.019976  ...  0.012979  0.024048 -0.010809
1.652803e+12 -0.035020 -0.049740 -0.039660  ... -0.009088 -0.036595 -0.024040
1.652890e+12 -0.007570 -0.004797 -0.006373  ...  0.016689 -0.024579  0.002239
1.652976e+12  0.000353 -0.003157  0.000449  ...  0.008725 -0.026447 -0.005745

[252 rows x 17 columns]
          pct_ym    pct_nq    pct_es  ...    pct_zs    pct_zw    pct_zc
pct_ym  1.000000  0.797110  0.941621  ...  0.097824 -0.061229 -0.026806
pct_nq  0.797110  1.000000  0.942489  ... -0.010954 -0.107355 -0.101785
pct_es  0.941621  0.942489  1.000000  ...  0.055252 -0.081158 -0.064079
pct_ec  0.284650  0.212893  0.263397  ...  0.097023 -0.202520 -0.136357
pct_jy -0.226732 -0.161671 -0.203284  ...  0.024694  0.019960  0.041306
pct_bp  0.452548  0.324645  0.405805  ...  0.193497 -0.063065 -0.007116
pct_cd  0.489038  0.329309  0.437789  ...  0.223160  0.033058  0.106383
pct_sf  0.086858  0.084799  0.101903  ...  0.203737 -0.009644  0.074523
pct_ad  0.468832  0.379747  0.454765  ...  0.210790  0.030745  0.087904
pct_ty -0.181202 -0.060110 -0.133328  ...  0.056698  0.030391  0.080328
pct_gc -0.162200 -0.153001 -0.149655  ...  0.256730  0.245465  0.254737
pct_si -0.016345 -0.025789 -0.009120  ...  0.312251  0.285524  0.296714
pct_hg  0.300181  0.195605  0.273378  ...  0.281583  0.084757  0.182566
pct_cl  0.188935  0.046677  0.137901  ...  0.296316  0.341124  0.226663
pct_zs  0.097824 -0.010954  0.055252  ...  1.000000  0.378795  0.631354
pct_zw -0.061229 -0.107355 -0.081158  ...  0.378795  1.000000  0.551148
pct_zc -0.026806 -0.101785 -0.064079  ...  0.631354  0.551148  1.000000

[17 rows x 17 columns]
update on every 1st of the month
                pct_ym    pct_nq    pct_es  ...    pct_zs    pct_zw    pct_zc
timestamp                                   ...                              
1.623859e+12       NaN       NaN       NaN  ...       NaN       NaN       NaN
1.623946e+12 -0.015968 -0.008565 -0.013947  ...  0.048094  0.041862  0.063380
1.624205e+12  0.018278  0.006769  0.014506  ...  0.004760 -0.001127 -0.016336
1.624291e+12  0.002192  0.009076  0.005340  ... -0.012886 -0.015038 -0.032316
1.624378e+12 -0.002246  0.000333 -0.001121  ... -0.001536  0.013359 -0.006030
...                ...       ...       ...  ...       ...       ...       ...
1.655222e+12  0.009751  0.027819  0.014237  ... -0.002797 -0.000238 -0.000347
1.655309e+12 -0.023882 -0.040567 -0.032226  ...  0.009299  0.026905  0.019417
1.655395e+12 -0.001671  0.012503  0.001226  ... -0.004387 -0.040807 -0.005442
1.655741e+12  0.021963  0.024830  0.025029  ... -0.012338 -0.045444 -0.040356
1.655827e+12 -0.001769 -0.000993 -0.001327  ... -0.121654  0.001519 -0.011048

[252 rows x 17 columns]
          pct_ym    pct_nq    pct_es  ...    pct_zs    pct_zw    pct_zc
pct_ym  1.000000  0.826546  0.950421  ...  0.082873 -0.067607 -0.042746
pct_nq  0.826546  1.000000  0.949877  ...  0.031936 -0.089402 -0.063964
pct_es  0.950421  0.949877  1.000000  ...  0.068941 -0.071364 -0.047744
pct_ec  0.298059  0.217067  0.271604  ...  0.008589 -0.179313 -0.149661
pct_jy -0.217043 -0.197610 -0.210099  ...  0.029972  0.096596  0.070442
pct_bp  0.447338  0.333368  0.405371  ...  0.154486 -0.017318  0.024438
pct_cd  0.513805  0.368795  0.469659  ...  0.147086 -0.000374  0.084161
pct_sf  0.062582  0.048381  0.065673  ...  0.079939 -0.007008  0.049572
pct_ad  0.487821  0.398627  0.471808  ...  0.169550  0.022737  0.083041
pct_ty -0.108513 -0.024253 -0.071327  ...  0.005072  0.056322  0.162002
pct_gc -0.148481 -0.126944 -0.124993  ...  0.205840  0.236507  0.242667
pct_si  0.008476  0.006129  0.021030  ...  0.294716  0.270491  0.299057
pct_hg  0.339436  0.256101  0.323768  ...  0.286550  0.051861  0.135616
pct_cl  0.180689  0.046463  0.131860  ...  0.308613  0.331387  0.249917
pct_zs  0.082873  0.031936  0.068941  ...  1.000000  0.327750  0.619909
pct_zw -0.067607 -0.089402 -0.071364  ...  0.327750  1.000000  0.605457
pct_zc -0.042746 -0.063964 -0.047744  ...  0.619909  0.605457  1.000000

[17 rows x 17 columns]
update on every 1st of the month
