                pct_ym    pct_nq    pct_es  ...    pct_zs    pct_zw    pct_zc
timestamp                                   ...                              
1.621786e+12       NaN       NaN       NaN  ...       NaN       NaN       NaN
1.621872e+12 -0.002358  0.001540 -0.001967  ... -0.007224 -0.008683 -0.056295
1.621958e+12  0.000263  0.003222  0.001792  ... -0.005457 -0.012186  0.006852
1.622045e+12  0.004580 -0.002536  0.001431  ...  0.022281  0.042791  0.064051
1.622131e+12  0.002207  0.001537  0.000834  ... -0.004229 -0.018854 -0.011663
1.622477e+12  0.001072 -0.002758 -0.000952  ...  0.011761  0.045215  0.048725
1.622563e+12  0.001158  0.001832  0.001846  ...  0.009041 -0.008652 -0.019964
1.622650e+12 -0.000665 -0.010568 -0.003566  ... -0.008480 -0.016364 -0.019259
1.622736e+12  0.005063  0.017555  0.008828  ...  0.022269  0.017006  0.031344
1.622995e+12 -0.003627  0.002724 -0.000650  ... -0.014838 -0.011269 -0.005126
1.623082e+12 -0.000867  0.000525  0.000059  ...  0.012658  0.007353  0.001104
1.623168e+12 -0.004308  0.000199 -0.001716  ... -0.011076 -0.004015  0.015809
1.623254e+12  0.000697  0.010533  0.004622  ... -0.011840  0.002199  0.011944
1.623341e+12  0.000029  0.002471  0.001829  ... -0.022992 -0.004388 -0.020744
1.623600e+12 -0.002350  0.009325  0.002120  ... -0.024030 -0.009181 -0.150840
1.623686e+12 -0.005934 -0.006690 -0.004289  ... -0.004415 -0.019274 -0.012903
1.623773e+12 -0.007959 -0.004098 -0.005547  ... -0.083575  0.001890 -0.002179
1.623859e+12 -0.006253  0.013133 -0.000178  ... -0.067374 -0.035836 -0.069869
1.623946e+12 -0.015968 -0.008565 -0.013947  ...  0.048094  0.041862  0.063380
1.624205e+12  0.018278  0.006769  0.014506  ...  0.004760 -0.001127 -0.016336
1.624291e+12  0.002192  0.009076  0.005340  ... -0.012886 -0.015038 -0.032316

[21 rows x 17 columns]
          pct_ym    pct_nq    pct_es  ...    pct_zs    pct_zw    pct_zc
pct_ym  1.000000  0.400807  0.912692  ...  0.187990 -0.007937 -0.010764
pct_nq  0.400807  1.000000  0.717345  ... -0.185827 -0.265737 -0.358999
pct_es  0.912692  0.717345  1.000000  ...  0.015089 -0.174457 -0.188765
pct_ec  0.460041  0.267204  0.440710  ...  0.546010  0.253746  0.043739
pct_jy -0.058477  0.451809  0.109540  ...  0.160857  0.128245  0.182930
pct_bp  0.802831  0.491060  0.804525  ...  0.320846  0.144066  0.060359
pct_cd  0.678415  0.394469  0.660645  ...  0.401319  0.298870  0.066172
pct_sf  0.510848  0.212936  0.480488  ...  0.594972  0.349579  0.243233
pct_ad  0.549086  0.579115  0.641517  ...  0.401427  0.325078  0.160294
pct_ty -0.095772  0.400108  0.084496  ...  0.249355 -0.237125 -0.059015
pct_gc  0.325894 -0.039201  0.232858  ...  0.441639  0.369902  0.347598
pct_si  0.197872 -0.103606  0.109355  ...  0.456067  0.501663  0.383406
pct_hg  0.374855  0.130403  0.314123  ...  0.254643  0.507566  0.323790
pct_cl  0.478006 -0.158221  0.310769  ...  0.506684  0.492436  0.358051
pct_zs  0.187990 -0.185827  0.015089  ...  1.000000  0.599724  0.526726
pct_zw -0.007937 -0.265737 -0.174457  ...  0.599724  1.000000  0.699188
pct_zc -0.010764 -0.358999 -0.188765  ...  0.526726  0.699188  1.000000

[17 rows x 17 columns]
2021-06-23
updated 2021-06-23
