Traceback (most recent call last):
  File "/home/spark/autocommit/EXCEL_AutoUpdate/EXCEL_visualize_research-cmoney資金流熱力圖.py", line 14, in <module>
    book = openpyxl.load_workbook('CMoneyDatabase.xlsm')
  File "/home/spark/anaconda3/lib/python3.7/site-packages/openpyxl/reader/excel.py", line 313, in load_workbook
    data_only, keep_links)
  File "/home/spark/anaconda3/lib/python3.7/site-packages/openpyxl/reader/excel.py", line 124, in __init__
    self.archive = _validate_archive(fn)
  File "/home/spark/anaconda3/lib/python3.7/site-packages/openpyxl/reader/excel.py", line 96, in _validate_archive
    archive = ZipFile(filename, 'r')
  File "/home/spark/anaconda3/lib/python3.7/zipfile.py", line 1240, in __init__
    self.fp = io.open(file, filemode)
FileNotFoundError: [Errno 2] No such file or directory: 'CMoneyDatabase.xlsm'
Traceback (most recent call last):
  File "/home/spark/autocommit/EXCEL_AutoUpdate/EXCEL_visualize_research-cmoney資金流熱力圖.py", line 14, in <module>
    book = openpyxl.load_workbook('CMoneyDatabase.xlsm')
  File "/home/spark/anaconda3/lib/python3.7/site-packages/openpyxl/reader/excel.py", line 313, in load_workbook
    data_only, keep_links)
  File "/home/spark/anaconda3/lib/python3.7/site-packages/openpyxl/reader/excel.py", line 124, in __init__
    self.archive = _validate_archive(fn)
  File "/home/spark/anaconda3/lib/python3.7/site-packages/openpyxl/reader/excel.py", line 96, in _validate_archive
    archive = ZipFile(filename, 'r')
  File "/home/spark/anaconda3/lib/python3.7/zipfile.py", line 1240, in __init__
    self.fp = io.open(file, filemode)
FileNotFoundError: [Errno 2] No such file or directory: 'CMoneyDatabase.xlsm'
[[0, 0, -94.5], [0, 1, 90.2], [0, 2, 56.4], [0, 3, 50.3], [0, 4, -89.6], [0, 5, 12.7], [1, 0, -16.4], [1, 1, 20.7], [1, 2, 35.2], [1, 3, -17.5], [1, 4, -23.5], [1, 5, -1.4], [2, 0, -35.5], [2, 1, -3.1], [2, 2, -9.1], [2, 3, -16.3], [2, 4, -8.1], [2, 5, -72.1], [3, 0, -1.4], [3, 1, 15.9], [3, 2, 0.0], [3, 3, 12.0], [3, 4, 5.5], [3, 5, 32.0], [4, 0, 1.2], [4, 1, 1.7], [4, 2, -0.4], [4, 3, -0.5], [4, 4, 0.7], [4, 5, 2.8], [5, 0, 3.6], [5, 1, 4.8], [5, 2, -10.3], [5, 3, -2.8], [5, 4, 10.2], [5, 5, 5.6], [6, 0, -6.2], [6, 1, 5.6], [6, 2, -5.5], [6, 3, -3.5], [6, 4, -9.9], [6, 5, -19.6], [7, 0, -43.4], [7, 1, -7.6], [7, 2, -12.3], [7, 3, -9.6], [7, 4, 25.5], [7, 5, -47.6], [8, 0, 13.6], [8, 1, 45.1], [8, 2, -29.6], [8, 3, -34.2], [8, 4, 71.0], [8, 5, 65.9], [9, 0, -3.1], [9, 1, 1.1], [9, 2, -0.1], [9, 3, -4.1], [9, 4, 0.5], [9, 5, -5.7], [10, 0, -1.2], [10, 1, -4.5], [10, 2, 2.6], [10, 3, -1.0], [10, 4, -0.1], [10, 5, -4.3]]
[[0, 0, -4.7], [0, 1, 9.8], [0, 2, 13.3], [0, 3, 46.2], [0, 4, 33.7], [0, 5, 98.4], [1, 0, -9.7], [1, 1, -13.6], [1, 2, -0.1], [1, 3, 5.7], [1, 4, -4.0], [1, 5, -21.7], [2, 0, 2.7], [2, 1, 1.3], [2, 2, -0.4], [2, 3, -0.5], [2, 4, -1.5], [2, 5, 1.6], [3, 0, -0.0], [3, 1, 0.6], [3, 2, -0.1], [3, 3, -1.9], [3, 4, -1.4], [3, 5, -2.9], [4, 0, -0.2], [4, 1, -0.0], [4, 2, -0.2], [4, 3, -0.1], [4, 4, 0.0], [4, 5, -0.5], [5, 0, 0.7], [5, 1, 2.2], [5, 2, 8.0], [5, 3, 0.9], [5, 4, 0.1], [5, 5, 12.0], [6, 0, -0.3], [6, 1, 0.0], [6, 2, 0.1], [6, 3, 0.7], [6, 4, -0.8], [6, 5, -0.3], [7, 0, -2.4], [7, 1, -6.3], [7, 2, -0.8], [7, 3, -9.8], [7, 4, -7.5], [7, 5, -26.8], [8, 0, -1.6], [8, 1, -4.8], [8, 2, -2.7], [8, 3, -19.0], [8, 4, -10.0], [8, 5, -38.2], [9, 0, 0.0], [9, 1, 0.0], [9, 2, 0], [9, 3, -0.0], [9, 4, 0.0], [9, 5, 0.0], [10, 0, 1.6], [10, 1, 0.0], [10, 2, -0.7], [10, 3, -0.9], [10, 4, -1.1], [10, 5, -1.1]]
