downloaded
downloaded
downloaded
downloaded
downloaded
downloaded
downloaded
downloaded
downloaded
downloaded
downloaded
downloaded
downloaded
downloaded
downloaded
downloaded
downloaded
Traceback (most recent call last):
  File "/home/spark/anaconda3/lib/python3.7/site-packages/urllib3/connectionpool.py", line 603, in urlopen
    chunked=chunked)
  File "/home/spark/anaconda3/lib/python3.7/site-packages/urllib3/connectionpool.py", line 387, in _make_request
    six.raise_from(e, None)
  File "<string>", line 2, in raise_from
  File "/home/spark/anaconda3/lib/python3.7/site-packages/urllib3/connectionpool.py", line 383, in _make_request
    httplib_response = conn.getresponse()
  File "/home/spark/anaconda3/lib/python3.7/http/client.py", line 1344, in getresponse
    response.begin()
  File "/home/spark/anaconda3/lib/python3.7/http/client.py", line 306, in begin
    version, status, reason = self._read_status()
  File "/home/spark/anaconda3/lib/python3.7/http/client.py", line 275, in _read_status
    raise RemoteDisconnected("Remote end closed connection without"
http.client.RemoteDisconnected: Remote end closed connection without response

During handling of the above exception, another exception occurred:

Traceback (most recent call last):
  File "/home/spark/anaconda3/lib/python3.7/site-packages/requests/adapters.py", line 449, in send
    timeout=timeout
  File "/home/spark/anaconda3/lib/python3.7/site-packages/urllib3/connectionpool.py", line 641, in urlopen
    _stacktrace=sys.exc_info()[2])
  File "/home/spark/anaconda3/lib/python3.7/site-packages/urllib3/util/retry.py", line 368, in increment
    raise six.reraise(type(error), error, _stacktrace)
  File "/home/spark/anaconda3/lib/python3.7/site-packages/urllib3/packages/six.py", line 685, in reraise
    raise value.with_traceback(tb)
  File "/home/spark/anaconda3/lib/python3.7/site-packages/urllib3/connectionpool.py", line 603, in urlopen
    chunked=chunked)
  File "/home/spark/anaconda3/lib/python3.7/site-packages/urllib3/connectionpool.py", line 387, in _make_request
    six.raise_from(e, None)
  File "<string>", line 2, in raise_from
  File "/home/spark/anaconda3/lib/python3.7/site-packages/urllib3/connectionpool.py", line 383, in _make_request
    httplib_response = conn.getresponse()
  File "/home/spark/anaconda3/lib/python3.7/http/client.py", line 1344, in getresponse
    response.begin()
  File "/home/spark/anaconda3/lib/python3.7/http/client.py", line 306, in begin
    version, status, reason = self._read_status()
  File "/home/spark/anaconda3/lib/python3.7/http/client.py", line 275, in _read_status
    raise RemoteDisconnected("Remote end closed connection without"
urllib3.exceptions.ProtocolError: ('Connection aborted.', RemoteDisconnected('Remote end closed connection without response'))

During handling of the above exception, another exception occurred:

Traceback (most recent call last):
  File "/home/spark/autocommit/EXCEL_AutoUpdate/csv_download.py", line 12, in <module>
    req = requests.get(csv_url)
  File "/home/spark/anaconda3/lib/python3.7/site-packages/requests/api.py", line 75, in get
    return request('get', url, params=params, **kwargs)
  File "/home/spark/anaconda3/lib/python3.7/site-packages/requests/api.py", line 60, in request
    return session.request(method=method, url=url, **kwargs)
  File "/home/spark/anaconda3/lib/python3.7/site-packages/requests/sessions.py", line 533, in request
    resp = self.send(prep, **send_kwargs)
  File "/home/spark/anaconda3/lib/python3.7/site-packages/requests/sessions.py", line 646, in send
    r = adapter.send(request, **kwargs)
  File "/home/spark/anaconda3/lib/python3.7/site-packages/requests/adapters.py", line 498, in send
    raise ConnectionError(err, request=request)
requests.exceptions.ConnectionError: ('Connection aborted.', RemoteDisconnected('Remote end closed connection without response'))
downloaded
downloaded
downloaded
downloaded
Traceback (most recent call last):
  File "/home/spark/anaconda3/lib/python3.7/site-packages/urllib3/connectionpool.py", line 603, in urlopen
    chunked=chunked)
  File "/home/spark/anaconda3/lib/python3.7/site-packages/urllib3/connectionpool.py", line 387, in _make_request
    six.raise_from(e, None)
  File "<string>", line 2, in raise_from
  File "/home/spark/anaconda3/lib/python3.7/site-packages/urllib3/connectionpool.py", line 383, in _make_request
    httplib_response = conn.getresponse()
  File "/home/spark/anaconda3/lib/python3.7/http/client.py", line 1344, in getresponse
    response.begin()
  File "/home/spark/anaconda3/lib/python3.7/http/client.py", line 306, in begin
    version, status, reason = self._read_status()
  File "/home/spark/anaconda3/lib/python3.7/http/client.py", line 275, in _read_status
    raise RemoteDisconnected("Remote end closed connection without"
http.client.RemoteDisconnected: Remote end closed connection without response

During handling of the above exception, another exception occurred:

Traceback (most recent call last):
  File "/home/spark/anaconda3/lib/python3.7/site-packages/requests/adapters.py", line 449, in send
    timeout=timeout
  File "/home/spark/anaconda3/lib/python3.7/site-packages/urllib3/connectionpool.py", line 641, in urlopen
    _stacktrace=sys.exc_info()[2])
  File "/home/spark/anaconda3/lib/python3.7/site-packages/urllib3/util/retry.py", line 368, in increment
    raise six.reraise(type(error), error, _stacktrace)
  File "/home/spark/anaconda3/lib/python3.7/site-packages/urllib3/packages/six.py", line 685, in reraise
    raise value.with_traceback(tb)
  File "/home/spark/anaconda3/lib/python3.7/site-packages/urllib3/connectionpool.py", line 603, in urlopen
    chunked=chunked)
  File "/home/spark/anaconda3/lib/python3.7/site-packages/urllib3/connectionpool.py", line 387, in _make_request
    six.raise_from(e, None)
  File "<string>", line 2, in raise_from
  File "/home/spark/anaconda3/lib/python3.7/site-packages/urllib3/connectionpool.py", line 383, in _make_request
    httplib_response = conn.getresponse()
  File "/home/spark/anaconda3/lib/python3.7/http/client.py", line 1344, in getresponse
    response.begin()
  File "/home/spark/anaconda3/lib/python3.7/http/client.py", line 306, in begin
    version, status, reason = self._read_status()
  File "/home/spark/anaconda3/lib/python3.7/http/client.py", line 275, in _read_status
    raise RemoteDisconnected("Remote end closed connection without"
urllib3.exceptions.ProtocolError: ('Connection aborted.', RemoteDisconnected('Remote end closed connection without response'))

During handling of the above exception, another exception occurred:

Traceback (most recent call last):
  File "/home/spark/autocommit/EXCEL_AutoUpdate/csv_download.py", line 12, in <module>
    req = requests.get(csv_url)
  File "/home/spark/anaconda3/lib/python3.7/site-packages/requests/api.py", line 75, in get
    return request('get', url, params=params, **kwargs)
  File "/home/spark/anaconda3/lib/python3.7/site-packages/requests/api.py", line 60, in request
    return session.request(method=method, url=url, **kwargs)
  File "/home/spark/anaconda3/lib/python3.7/site-packages/requests/sessions.py", line 533, in request
    resp = self.send(prep, **send_kwargs)
  File "/home/spark/anaconda3/lib/python3.7/site-packages/requests/sessions.py", line 646, in send
    r = adapter.send(request, **kwargs)
  File "/home/spark/anaconda3/lib/python3.7/site-packages/requests/adapters.py", line 498, in send
    raise ConnectionError(err, request=request)
requests.exceptions.ConnectionError: ('Connection aborted.', RemoteDisconnected('Remote end closed connection without response'))
downloaded
downloaded
downloaded
downloaded
downloaded
downloaded
downloaded
downloaded
downloaded
downloaded
downloaded
downloaded
downloaded
downloaded
downloaded
downloaded
downloaded
downloaded
downloaded
downloaded
downloaded
downloaded
downloaded
downloaded
downloaded
downloaded
downloaded
downloaded
downloaded
downloaded
downloaded
downloaded
downloaded
downloaded
downloaded
downloaded
downloaded
downloaded
downloaded
downloaded
Traceback (most recent call last):
  File "/home/spark/anaconda3/lib/python3.7/site-packages/urllib3/connectionpool.py", line 603, in urlopen
    chunked=chunked)
  File "/home/spark/anaconda3/lib/python3.7/site-packages/urllib3/connectionpool.py", line 387, in _make_request
    six.raise_from(e, None)
  File "<string>", line 2, in raise_from
  File "/home/spark/anaconda3/lib/python3.7/site-packages/urllib3/connectionpool.py", line 383, in _make_request
    httplib_response = conn.getresponse()
  File "/home/spark/anaconda3/lib/python3.7/http/client.py", line 1344, in getresponse
    response.begin()
  File "/home/spark/anaconda3/lib/python3.7/http/client.py", line 306, in begin
    version, status, reason = self._read_status()
  File "/home/spark/anaconda3/lib/python3.7/http/client.py", line 275, in _read_status
    raise RemoteDisconnected("Remote end closed connection without"
http.client.RemoteDisconnected: Remote end closed connection without response

During handling of the above exception, another exception occurred:

Traceback (most recent call last):
  File "/home/spark/anaconda3/lib/python3.7/site-packages/requests/adapters.py", line 449, in send
    timeout=timeout
  File "/home/spark/anaconda3/lib/python3.7/site-packages/urllib3/connectionpool.py", line 641, in urlopen
    _stacktrace=sys.exc_info()[2])
  File "/home/spark/anaconda3/lib/python3.7/site-packages/urllib3/util/retry.py", line 368, in increment
    raise six.reraise(type(error), error, _stacktrace)
  File "/home/spark/anaconda3/lib/python3.7/site-packages/urllib3/packages/six.py", line 685, in reraise
    raise value.with_traceback(tb)
  File "/home/spark/anaconda3/lib/python3.7/site-packages/urllib3/connectionpool.py", line 603, in urlopen
    chunked=chunked)
  File "/home/spark/anaconda3/lib/python3.7/site-packages/urllib3/connectionpool.py", line 387, in _make_request
    six.raise_from(e, None)
  File "<string>", line 2, in raise_from
  File "/home/spark/anaconda3/lib/python3.7/site-packages/urllib3/connectionpool.py", line 383, in _make_request
    httplib_response = conn.getresponse()
  File "/home/spark/anaconda3/lib/python3.7/http/client.py", line 1344, in getresponse
    response.begin()
  File "/home/spark/anaconda3/lib/python3.7/http/client.py", line 306, in begin
    version, status, reason = self._read_status()
  File "/home/spark/anaconda3/lib/python3.7/http/client.py", line 275, in _read_status
    raise RemoteDisconnected("Remote end closed connection without"
urllib3.exceptions.ProtocolError: ('Connection aborted.', RemoteDisconnected('Remote end closed connection without response'))

During handling of the above exception, another exception occurred:

Traceback (most recent call last):
  File "/home/spark/autocommit/EXCEL_AutoUpdate/csv_download.py", line 12, in <module>
    req = requests.get(csv_url)
  File "/home/spark/anaconda3/lib/python3.7/site-packages/requests/api.py", line 75, in get
    return request('get', url, params=params, **kwargs)
  File "/home/spark/anaconda3/lib/python3.7/site-packages/requests/api.py", line 60, in request
    return session.request(method=method, url=url, **kwargs)
  File "/home/spark/anaconda3/lib/python3.7/site-packages/requests/sessions.py", line 533, in request
    resp = self.send(prep, **send_kwargs)
  File "/home/spark/anaconda3/lib/python3.7/site-packages/requests/sessions.py", line 646, in send
    r = adapter.send(request, **kwargs)
  File "/home/spark/anaconda3/lib/python3.7/site-packages/requests/adapters.py", line 498, in send
    raise ConnectionError(err, request=request)
requests.exceptions.ConnectionError: ('Connection aborted.', RemoteDisconnected('Remote end closed connection without response'))
downloaded
downloaded
downloaded
downloaded
downloaded
downloaded
downloaded
downloaded
downloaded
downloaded
downloaded
downloaded
downloaded
downloaded
downloaded
downloaded
downloaded
downloaded
downloaded
downloaded
downloaded
downloaded
downloaded
downloaded
downloaded
downloaded
downloaded
downloaded
downloaded
downloaded
downloaded
downloaded
downloaded
downloaded
downloaded
downloaded
downloaded
downloaded
downloaded
downloaded
downloaded
downloaded
downloaded
downloaded
downloaded
downloaded
downloaded
downloaded
downloaded
downloaded
downloaded
downloaded
downloaded
downloaded
downloaded
downloaded
downloaded
downloaded
downloaded
downloaded
downloaded
downloaded
downloaded
downloaded
downloaded
downloaded
downloaded
downloaded
downloaded
downloaded
downloaded
downloaded
downloaded
downloaded
downloaded
downloaded
downloaded
downloaded
downloaded
downloaded
downloaded
downloaded
downloaded
downloaded
downloaded
downloaded
downloaded
downloaded
downloaded
downloaded
downloaded
downloaded
downloaded
downloaded
downloaded
downloaded
downloaded
downloaded
downloaded
downloaded
downloaded
downloaded
downloaded
downloaded
downloaded
downloaded
downloaded
downloaded
downloaded
downloaded
downloaded
downloaded
downloaded
downloaded
downloaded
downloaded
downloaded
downloaded
downloaded
downloaded
downloaded
downloaded
downloaded
downloaded
downloaded
downloaded
downloaded
downloaded
downloaded
downloaded
downloaded
downloaded
downloaded
downloaded
downloaded
downloaded
downloaded
downloaded
downloaded
downloaded
downloaded
downloaded
downloaded
downloaded
downloaded
downloaded
downloaded
downloaded
downloaded
downloaded
downloaded
downloaded
downloaded
downloaded
downloaded
downloaded
downloaded
downloaded
downloaded
downloaded
downloaded
downloaded
downloaded
downloaded
downloaded
downloaded
downloaded
downloaded
2022-04-27 17:15:01.409589 downloaded
2022-04-28 17:15:03.715057 downloaded
2022-04-29 17:15:03.371322 downloaded
2022-05-02 17:15:03.539645 downloaded
2022-05-03 17:15:03.777815 downloaded
2022-05-04 17:15:03.280717 downloaded
2022-05-05 17:15:03.521607 downloaded
2022-05-06 17:15:02.734408 downloaded
2022-05-09 17:15:03.003000 downloaded
2022-05-10 17:15:03.460948 downloaded
2022-05-11 17:15:03.268933 downloaded
2022-05-12 17:15:02.679007 downloaded
2022-05-13 17:15:03.095010 downloaded
2022-05-16 17:15:02.268538 downloaded
2022-05-17 17:15:01.711482 downloaded
2022-05-18 17:15:02.288679 downloaded
2022-05-19 17:15:01.766146 downloaded
2022-05-20 17:15:01.660244 downloaded
2022-05-23 17:15:01.548416 downloaded
2022-05-24 17:15:01.529631 downloaded
2022-05-25 17:15:02.468910 downloaded
2022-05-26 17:15:01.638112 downloaded
2022-05-27 17:15:01.654952 downloaded
2022-05-30 17:15:01.997578 downloaded
