28.43
    index symbol  mod_name         Date  ...  ContractValue_K     Vol      OI_K  id
0      16     ty    T-Bond     20211108  ...           3733.0  0.0422  3853.725   1
1       0     es     小型S&P  2.02111e+07  ...           6673.0  0.1264  2312.581   2
2      17     us    T-Note     20211108  ...           4614.0  0.0851  1176.833   3
3       6     ec        歐元     20211108  ...           4121.0  0.0555   662.859   4
4       9     zc        玉米  2.02111e+07  ...            784.0  0.3689   544.899   5
5      12     gc        黃金  2.02111e+07  ...           5197.0  0.1633   375.246   6
6      15     cl       輕原油  2.02111e+07  ...           2329.0  0.3178   297.245   7
7      10     zs        黃豆  2.02111e+07  ...           1689.0  0.2565   264.711   8
8       1     nq  小型NASDAQ  2.02111e+07  ...           9284.0  0.1770   253.119   9
9       7     jy        日圓     20211108  ...           3139.0  0.0560   242.660  10
10      4     bp        英鎊     20211108  ...           2409.0  0.0705   183.618  11
11     11     zw        小麥  2.02111e+07  ...           1092.0  0.2803   159.612  12
12      3     ad        澳幣     20211108  ...           2111.0  0.0903   153.673  13
13      5     cd        加幣     20211108  ...           2284.0  0.0658   149.376  14
14      2     ym      小型道瓊  2.02111e+07  ...           5162.0  0.1259   104.806  15
15     13     si        白銀  2.02111e+07  ...           3489.0  0.3369   102.376  16
16     14     hg         銅  2.02111e+07  ...           3127.0  0.2464   100.181  17
17      8     sf      瑞士法郎     20211108  ...           3895.0  0.0649    50.674  18

[18 rows x 9 columns]
28.43
    index symbol  mod_name         Date  ...  ContractValue_K     Vol      OI_K  id
0      16     ty    T-Bond     20211109  ...           3748.0  0.0419  3880.561   1
1       0     es     小型S&P  2.02111e+07  ...           6650.0  0.1251  2316.845   2
2      17     us    T-Note     20211109  ...           4655.0  0.0844  1162.680   3
3       6     ec        歐元     20211109  ...           4123.0  0.0546   656.153   4
4       9     zc        玉米  2.02111e+07  ...            789.0  0.3688   514.422   5
5      12     gc        黃金  2.02111e+07  ...           5205.0  0.1611   366.703   6
6      15     cl       輕原油  2.02111e+07  ...           2392.0  0.3184   273.545   7
7      10     zs        黃豆  2.02111e+07  ...           1723.0  0.2567   263.749   8
8       1     nq  小型NASDAQ  2.02111e+07  ...           9219.0  0.1755   256.105   9
9       7     jy        日圓     20211109  ...           3150.0  0.0554   241.105  10
10      4     bp        英鎊     20211109  ...           2410.0  0.0696   179.238  11
11      3     ad        澳幣     20211109  ...           2098.0  0.0896   153.680  12
12      5     cd        加幣     20211109  ...           2286.0  0.0655   152.095  13
13     11     zw        小麥  2.02111e+07  ...           1107.0  0.2805   142.014  14
14      2     ym      小型道瓊  2.02111e+07  ...           5147.0  0.1245   105.590  15
15     13     si        白銀  2.02111e+07  ...           3457.0  0.3328    94.817  16
16     14     hg         銅  2.02111e+07  ...           3108.0  0.2465    93.129  17
17      8     sf      瑞士法郎     20211109  ...           3906.0  0.0644    50.860  18

[18 rows x 9 columns]
