now:2021-11-09 17:30:05.086409
today:20211109
queryday:20211108
enddate:2021-11-17
202111
   Twseclose
0      17415
16500 18300
        Date Type  Contract Strike Openinterest  id
0   20211109   買權  202111    16600         1327   1
1   20211109   賣權  202111    16600         4890   2
2   20211109   買權  202111    16700         1432   3
3   20211109   賣權  202111    16700         4917   4
4   20211109   買權  202111    16800         1343   5
5   20211109   賣權  202111    16800         5759   6
6   20211109   買權  202111    16900         2690   7
7   20211109   賣權  202111    16900         3662   8
8   20211109   買權  202111    17000         3820   9
9   20211109   賣權  202111    17000         6195  10
10  20211109   買權  202111    17100         3195  11
11  20211109   賣權  202111    17100         4023  12
12  20211109   買權  202111    17200         2531  13
13  20211109   賣權  202111    17200         5754  14
14  20211109   買權  202111    17300         4000  15
15  20211109   賣權  202111    17300         4978  16
16  20211109   買權  202111    17400         6431  17
17  20211109   賣權  202111    17400         2577  18
18  20211109   買權  202111    17500         6689  19
19  20211109   賣權  202111    17500         1506  20
20  20211109   買權  202111    17600        12430  21
21  20211109   賣權  202111    17600          630  22
22  20211109   買權  202111    17700         9145  23
23  20211109   賣權  202111    17700          274  24
24  20211109   買權  202111    17800         8998  25
25  20211109   賣權  202111    17800           76  26
26  20211109   買權  202111    17900         4351  27
27  20211109   賣權  202111    17900           89  28
28  20211109   買權  202111    18000        12115  29
29  20211109   賣權  202111    18000           40  30
30  20211109   買權  202111    18100         3496  31
31  20211109   賣權  202111    18100            4  32
32  20211109   買權  202111    18200         2663  33
33  20211109   賣權  202111    18200            4  34
Date            object
Type            object
Contract        object
Strike          object
Openinterest    object
id               int64
dtype: object
Date            object
Type            object
Contract        object
Strike          object
Openinterest    object
id               int64
dtype: object
