     Actual Country  Estimate  ... Previous                 Time   Unit
0      -0.7      DK       NaN  ...     1.80  2023-09-11 06:00:00      %
1     117.7      DK       NaN  ...   118.50  2023-09-11 06:00:00  Index
2       2.4      DK       NaN  ...     3.10  2023-09-11 06:00:00      %
3       2.3      DK       NaN  ...     3.20  2023-09-11 06:00:00      %
4      22.7      TR       NaN  ...    24.20  2023-09-11 07:00:00      %
..      ...     ...       ...  ...      ...                  ...    ...
549     NaN      JP       NaN  ...     2.71  2023-09-21 23:30:00      %
550     NaN      JP       NaN  ...     3.10  2023-09-21 23:30:00      %
551     NaN      JP       NaN  ...     3.30  2023-09-21 23:30:00      %
552     NaN      JP       NaN  ...   105.40  2023-09-21 23:30:00  Index
553     NaN      JP       NaN  ...   104.90  2023-09-21 23:30:00  Index

[554 rows x 8 columns]
done
     Actual Country  Estimate  ... Previous                 Time   Unit
0      -0.7      DK       NaN  ...     1.80  2023-09-11 06:00:00      %
1     117.7      DK       NaN  ...   118.50  2023-09-11 06:00:00  Index
2       2.4      DK       NaN  ...     3.10  2023-09-11 06:00:00      %
3       NaN      DK       NaN  ...     3.20  2023-09-11 06:00:00      %
4      22.7      TR       NaN  ...    24.20  2023-09-11 07:00:00      %
..      ...     ...       ...  ...      ...                  ...    ...
549     NaN      JP       NaN  ...     2.71  2023-09-21 23:30:00      %
550     NaN      JP       NaN  ...     3.10  2023-09-21 23:30:00      %
551     NaN      JP       NaN  ...     3.30  2023-09-21 23:30:00      %
552     NaN      JP       NaN  ...   105.40  2023-09-21 23:30:00  Index
553     NaN      JP       NaN  ...   104.90  2023-09-21 23:30:00  Index

[554 rows x 8 columns]
done
     Actual Country  Estimate  ... Previous                 Time   Unit
0      -0.7      DK       NaN  ...     1.80  2023-09-11 06:00:00      %
1     117.7      DK       NaN  ...   118.50  2023-09-11 06:00:00  Index
2       2.4      DK       NaN  ...     3.10  2023-09-11 06:00:00      %
3       NaN      DK       NaN  ...     3.20  2023-09-11 06:00:00      %
4      22.7      TR       NaN  ...    24.20  2023-09-11 07:00:00      %
..      ...     ...       ...  ...      ...                  ...    ...
549     NaN      JP       NaN  ...     2.71  2023-09-21 23:30:00      %
550     NaN      JP       NaN  ...     3.10  2023-09-21 23:30:00      %
551     NaN      JP       NaN  ...     3.30  2023-09-21 23:30:00      %
552     NaN      JP       NaN  ...   105.40  2023-09-21 23:30:00  Index
553     NaN      JP       NaN  ...   104.90  2023-09-21 23:30:00  Index

[554 rows x 8 columns]
done
     Actual Country  Estimate  ... Previous                 Time   Unit
0      -0.7      DK       NaN  ...     1.80  2023-09-11 06:00:00      %
1     117.7      DK       NaN  ...   118.50  2023-09-11 06:00:00  Index
2       2.4      DK       NaN  ...     3.10  2023-09-11 06:00:00      %
3       NaN      DK       NaN  ...     3.20  2023-09-11 06:00:00      %
4      22.7      TR       NaN  ...    24.20  2023-09-11 07:00:00      %
..      ...     ...       ...  ...      ...                  ...    ...
549     NaN      JP       NaN  ...     2.71  2023-09-21 23:30:00      %
550     NaN      JP       NaN  ...     3.10  2023-09-21 23:30:00      %
551     NaN      JP       NaN  ...     3.30  2023-09-21 23:30:00      %
552     NaN      JP       NaN  ...   105.40  2023-09-21 23:30:00  Index
553     NaN      JP       NaN  ...   104.90  2023-09-21 23:30:00  Index

[554 rows x 8 columns]
done
     Actual Country  Estimate  ... Previous                 Time   Unit
0      -0.7      DK       NaN  ...     1.80  2023-09-11 06:00:00      %
1     117.7      DK       NaN  ...   118.50  2023-09-11 06:00:00  Index
2       2.4      DK       NaN  ...     3.10  2023-09-11 06:00:00      %
3       2.3      DK       NaN  ...     3.20  2023-09-11 06:00:00      %
4      22.7      TR       NaN  ...    24.20  2023-09-11 07:00:00      %
..      ...     ...       ...  ...      ...                  ...    ...
549     NaN      JP       NaN  ...     2.71  2023-09-21 23:30:00      %
550     NaN      JP       NaN  ...     3.10  2023-09-21 23:30:00      %
551     NaN      JP       NaN  ...     3.30  2023-09-21 23:30:00      %
552     NaN      JP       NaN  ...   105.40  2023-09-21 23:30:00  Index
553     NaN      JP       NaN  ...   104.90  2023-09-21 23:30:00  Index

[554 rows x 8 columns]
done
     Actual Country  Estimate  ... Previous                 Time   Unit
0      -0.7      DK       NaN  ...     1.80  2023-09-11 06:00:00      %
1     117.7      DK       NaN  ...   118.50  2023-09-11 06:00:00  Index
2       2.4      DK       NaN  ...     3.10  2023-09-11 06:00:00      %
3       NaN      DK       NaN  ...     3.20  2023-09-11 06:00:00      %
4      22.7      TR       NaN  ...    24.20  2023-09-11 07:00:00      %
..      ...     ...       ...  ...      ...                  ...    ...
549     NaN      JP       NaN  ...     2.71  2023-09-21 23:30:00      %
550     NaN      JP       NaN  ...     3.10  2023-09-21 23:30:00      %
551     NaN      JP       NaN  ...     3.30  2023-09-21 23:30:00      %
552     NaN      JP       NaN  ...   105.40  2023-09-21 23:30:00  Index
553     NaN      JP       NaN  ...   104.90  2023-09-21 23:30:00  Index

[554 rows x 8 columns]
done
     Actual Country  Estimate  ... Previous                 Time   Unit
0      -0.7      DK       NaN  ...     1.80  2023-09-11 06:00:00      %
1     117.7      DK       NaN  ...   118.50  2023-09-11 06:00:00  Index
2       2.4      DK       NaN  ...     3.10  2023-09-11 06:00:00      %
3       2.3      DK       NaN  ...     3.20  2023-09-11 06:00:00      %
4      22.7      TR       NaN  ...    24.20  2023-09-11 07:00:00      %
..      ...     ...       ...  ...      ...                  ...    ...
549     NaN      JP       NaN  ...     2.71  2023-09-21 23:30:00      %
550     NaN      JP       NaN  ...     3.10  2023-09-21 23:30:00      %
551     NaN      JP       NaN  ...     3.30  2023-09-21 23:30:00      %
552     NaN      JP       NaN  ...   105.40  2023-09-21 23:30:00  Index
553     NaN      JP       NaN  ...   104.90  2023-09-21 23:30:00  Index

[554 rows x 8 columns]
done
     Actual Country  Estimate  ... Previous                 Time   Unit
0      -0.7      DK       NaN  ...     1.80  2023-09-11 06:00:00      %
1     117.7      DK       NaN  ...   118.50  2023-09-11 06:00:00  Index
2       2.4      DK       NaN  ...     3.10  2023-09-11 06:00:00      %
3       NaN      DK       NaN  ...     3.20  2023-09-11 06:00:00      %
4      22.7      TR       NaN  ...    24.20  2023-09-11 07:00:00      %
..      ...     ...       ...  ...      ...                  ...    ...
549     NaN      JP       NaN  ...     2.71  2023-09-21 23:30:00      %
550     NaN      JP       NaN  ...     3.10  2023-09-21 23:30:00      %
551     NaN      JP       NaN  ...     3.30  2023-09-21 23:30:00      %
552     NaN      JP       NaN  ...   105.40  2023-09-21 23:30:00  Index
553     NaN      JP       NaN  ...   104.90  2023-09-21 23:30:00  Index

[554 rows x 8 columns]
done
     Actual Country  Estimate  ... Previous                 Time   Unit
0      -0.7      DK       NaN  ...     1.80  2023-09-11 06:00:00      %
1     117.7      DK       NaN  ...   118.50  2023-09-11 06:00:00  Index
2       2.4      DK       NaN  ...     3.10  2023-09-11 06:00:00      %
3       2.3      DK       NaN  ...     3.20  2023-09-11 06:00:00      %
4      22.7      TR       NaN  ...    24.20  2023-09-11 07:00:00      %
..      ...     ...       ...  ...      ...                  ...    ...
549     NaN      JP       NaN  ...     2.71  2023-09-21 23:30:00      %
550     NaN      JP       NaN  ...     3.10  2023-09-21 23:30:00      %
551     NaN      JP       NaN  ...     3.30  2023-09-21 23:30:00      %
552     NaN      JP       NaN  ...   105.40  2023-09-21 23:30:00  Index
553     NaN      JP       NaN  ...   104.90  2023-09-21 23:30:00  Index

[554 rows x 8 columns]
done
     Actual Country  Estimate  ... Previous                 Time   Unit
0      -0.7      DK       NaN  ...     1.80  2023-09-11 06:00:00      %
1     117.7      DK       NaN  ...   118.50  2023-09-11 06:00:00  Index
2       2.4      DK       NaN  ...     3.10  2023-09-11 06:00:00      %
3       2.3      DK       NaN  ...     3.20  2023-09-11 06:00:00      %
4      22.7      TR       NaN  ...    24.20  2023-09-11 07:00:00      %
..      ...     ...       ...  ...      ...                  ...    ...
549     NaN      JP       NaN  ...     2.71  2023-09-21 23:30:00      %
550     NaN      JP       NaN  ...     3.10  2023-09-21 23:30:00      %
551     NaN      JP       NaN  ...     3.30  2023-09-21 23:30:00      %
552     NaN      JP       NaN  ...   105.40  2023-09-21 23:30:00  Index
553     NaN      JP       NaN  ...   104.90  2023-09-21 23:30:00  Index

[554 rows x 8 columns]
done
     Actual Country  Estimate  ... Previous                 Time   Unit
0      -0.7      DK       NaN  ...     1.80  2023-09-11 06:00:00      %
1     117.7      DK       NaN  ...   118.50  2023-09-11 06:00:00  Index
2       2.4      DK       NaN  ...     3.10  2023-09-11 06:00:00      %
3       2.3      DK       NaN  ...     3.20  2023-09-11 06:00:00      %
4      22.7      TR       NaN  ...    24.20  2023-09-11 07:00:00      %
..      ...     ...       ...  ...      ...                  ...    ...
549     NaN      JP       NaN  ...     2.71  2023-09-21 23:30:00      %
550     NaN      JP       NaN  ...     3.10  2023-09-21 23:30:00      %
551     NaN      JP       NaN  ...     3.30  2023-09-21 23:30:00      %
552     NaN      JP       NaN  ...   105.40  2023-09-21 23:30:00  Index
553     NaN      JP       NaN  ...   104.90  2023-09-21 23:30:00  Index

[554 rows x 8 columns]
done
     Actual Country  Estimate  ... Previous                 Time   Unit
0      -0.7      DK       NaN  ...     1.80  2023-09-11 06:00:00      %
1     117.7      DK       NaN  ...   118.50  2023-09-11 06:00:00  Index
2       2.4      DK       NaN  ...     3.10  2023-09-11 06:00:00      %
3       2.3      DK       NaN  ...     3.20  2023-09-11 06:00:00      %
4      22.7      TR       NaN  ...    24.20  2023-09-11 07:00:00      %
..      ...     ...       ...  ...      ...                  ...    ...
549     NaN      JP       NaN  ...     2.71  2023-09-21 23:30:00      %
550     NaN      JP       NaN  ...     3.10  2023-09-21 23:30:00      %
551     NaN      JP       NaN  ...     3.30  2023-09-21 23:30:00      %
552     NaN      JP       NaN  ...   105.40  2023-09-21 23:30:00  Index
553     NaN      JP       NaN  ...   104.90  2023-09-21 23:30:00  Index

[554 rows x 8 columns]
done
     Actual Country  Estimate  ... Previous                 Time   Unit
0      -0.7      DK       NaN  ...     1.80  2023-09-11 06:00:00      %
1     117.7      DK       NaN  ...   118.50  2023-09-11 06:00:00  Index
2       2.4      DK       NaN  ...     3.10  2023-09-11 06:00:00      %
3       NaN      DK       NaN  ...     3.20  2023-09-11 06:00:00      %
4      22.7      TR       NaN  ...    24.20  2023-09-11 07:00:00      %
..      ...     ...       ...  ...      ...                  ...    ...
549     NaN      JP       NaN  ...     2.71  2023-09-21 23:30:00      %
550     NaN      JP       NaN  ...     3.10  2023-09-21 23:30:00      %
551     NaN      JP       NaN  ...     3.30  2023-09-21 23:30:00      %
552     NaN      JP       NaN  ...   105.40  2023-09-21 23:30:00  Index
553     NaN      JP       NaN  ...   104.90  2023-09-21 23:30:00  Index

[554 rows x 8 columns]
done
     Actual Country  Estimate  ... Previous                 Time   Unit
0      -0.7      DK       NaN  ...     1.80  2023-09-11 06:00:00      %
1     117.7      DK       NaN  ...   118.50  2023-09-11 06:00:00  Index
2       2.4      DK       NaN  ...     3.10  2023-09-11 06:00:00      %
3       NaN      DK       NaN  ...     3.20  2023-09-11 06:00:00      %
4      22.7      TR       NaN  ...    24.20  2023-09-11 07:00:00      %
..      ...     ...       ...  ...      ...                  ...    ...
549     NaN      JP       NaN  ...     2.71  2023-09-21 23:30:00      %
550     NaN      JP       NaN  ...     3.10  2023-09-21 23:30:00      %
551     NaN      JP       NaN  ...     3.30  2023-09-21 23:30:00      %
552     NaN      JP       NaN  ...   105.40  2023-09-21 23:30:00  Index
553     NaN      JP       NaN  ...   104.90  2023-09-21 23:30:00  Index

[554 rows x 8 columns]
done
     Actual Country  Estimate  ... Previous                 Time   Unit
0      -0.7      DK       NaN  ...     1.80  2023-09-11 06:00:00      %
1     117.7      DK       NaN  ...   118.50  2023-09-11 06:00:00  Index
2       2.4      DK       NaN  ...     3.10  2023-09-11 06:00:00      %
3       2.3      DK       NaN  ...     3.20  2023-09-11 06:00:00      %
4      22.7      TR       NaN  ...    24.20  2023-09-11 07:00:00      %
..      ...     ...       ...  ...      ...                  ...    ...
549     NaN      JP       NaN  ...     2.71  2023-09-21 23:30:00      %
550     NaN      JP       NaN  ...     3.10  2023-09-21 23:30:00      %
551     NaN      JP       NaN  ...     3.30  2023-09-21 23:30:00      %
552     NaN      JP       NaN  ...   105.40  2023-09-21 23:30:00  Index
553     NaN      JP       NaN  ...   104.90  2023-09-21 23:30:00  Index

[554 rows x 8 columns]
done
     Actual Country  Estimate  ... Previous                 Time   Unit
0      -0.7      DK       NaN  ...     1.80  2023-09-11 06:00:00      %
1     117.7      DK       NaN  ...   118.50  2023-09-11 06:00:00  Index
2       2.4      DK       NaN  ...     3.10  2023-09-11 06:00:00      %
3       NaN      DK       NaN  ...     3.20  2023-09-11 06:00:00      %
4      22.7      TR       NaN  ...    24.20  2023-09-11 07:00:00      %
..      ...     ...       ...  ...      ...                  ...    ...
549     NaN      JP       NaN  ...     2.71  2023-09-21 23:30:00      %
550     NaN      JP       NaN  ...     3.10  2023-09-21 23:30:00      %
551     NaN      JP       NaN  ...     3.30  2023-09-21 23:30:00      %
552     NaN      JP       NaN  ...   105.40  2023-09-21 23:30:00  Index
553     NaN      JP       NaN  ...   104.90  2023-09-21 23:30:00  Index

[554 rows x 8 columns]
done
     Actual Country  Estimate  ... Previous                 Time   Unit
0      -0.7      DK       NaN  ...     1.80  2023-09-11 06:00:00      %
1     117.7      DK       NaN  ...   118.50  2023-09-11 06:00:00  Index
2       2.4      DK       NaN  ...     3.10  2023-09-11 06:00:00      %
3       NaN      DK       NaN  ...     3.20  2023-09-11 06:00:00      %
4      22.7      TR       NaN  ...    24.20  2023-09-11 07:00:00      %
..      ...     ...       ...  ...      ...                  ...    ...
549     NaN      JP       NaN  ...     2.71  2023-09-21 23:30:00      %
550     NaN      JP       NaN  ...     3.10  2023-09-21 23:30:00      %
551     NaN      JP       NaN  ...     3.30  2023-09-21 23:30:00      %
552     NaN      JP       NaN  ...   105.40  2023-09-21 23:30:00  Index
553     NaN      JP       NaN  ...   104.90  2023-09-21 23:30:00  Index

[554 rows x 8 columns]
done
     Actual Country  Estimate  ... Previous                 Time   Unit
0      -0.7      DK       NaN  ...     1.80  2023-09-11 06:00:00      %
1     117.7      DK       NaN  ...   118.50  2023-09-11 06:00:00  Index
2       2.4      DK       NaN  ...     3.10  2023-09-11 06:00:00      %
3       2.3      DK       NaN  ...     3.20  2023-09-11 06:00:00      %
4      22.7      TR       NaN  ...    24.20  2023-09-11 07:00:00      %
..      ...     ...       ...  ...      ...                  ...    ...
550     NaN      JP       NaN  ...     2.71  2023-09-21 23:30:00      %
551     NaN      JP       NaN  ...     3.10  2023-09-21 23:30:00      %
552     NaN      JP       NaN  ...     3.30  2023-09-21 23:30:00      %
553     NaN      JP       NaN  ...   105.40  2023-09-21 23:30:00  Index
554     NaN      JP       NaN  ...   104.90  2023-09-21 23:30:00  Index

[555 rows x 8 columns]
done
     Actual Country  Estimate  ... Previous                 Time   Unit
0      -0.7      DK       NaN  ...     1.80  2023-09-11 06:00:00      %
1     117.7      DK       NaN  ...   118.50  2023-09-11 06:00:00  Index
2       2.4      DK       NaN  ...     3.10  2023-09-11 06:00:00      %
3       2.3      DK       NaN  ...     3.20  2023-09-11 06:00:00      %
4      22.7      TR       NaN  ...    24.20  2023-09-11 07:00:00      %
..      ...     ...       ...  ...      ...                  ...    ...
550     NaN      JP       NaN  ...     2.71  2023-09-21 23:30:00      %
551     NaN      JP       NaN  ...     3.10  2023-09-21 23:30:00      %
552     NaN      JP       NaN  ...     3.30  2023-09-21 23:30:00      %
553     NaN      JP       NaN  ...   105.40  2023-09-21 23:30:00  Index
554     NaN      JP       NaN  ...   104.90  2023-09-21 23:30:00  Index

[555 rows x 8 columns]
done
     Actual Country  Estimate  ... Previous                 Time   Unit
0      -0.7      DK       NaN  ...     1.80  2023-09-11 06:00:00      %
1     117.7      DK       NaN  ...   118.50  2023-09-11 06:00:00  Index
2       2.4      DK       NaN  ...     3.10  2023-09-11 06:00:00      %
3       2.3      DK       NaN  ...     3.20  2023-09-11 06:00:00      %
4      22.7      TR       NaN  ...    24.20  2023-09-11 07:00:00      %
..      ...     ...       ...  ...      ...                  ...    ...
550     NaN      JP       NaN  ...     2.71  2023-09-21 23:30:00      %
551     NaN      JP       NaN  ...     3.10  2023-09-21 23:30:00      %
552     NaN      JP       NaN  ...     3.30  2023-09-21 23:30:00      %
553     NaN      JP       NaN  ...   105.40  2023-09-21 23:30:00  Index
554     NaN      JP       NaN  ...   104.90  2023-09-21 23:30:00  Index

[555 rows x 8 columns]
done
     Actual Country  Estimate  ... Previous                 Time   Unit
0      -0.7      DK       NaN  ...     1.80  2023-09-11 06:00:00      %
1     117.7      DK       NaN  ...   118.50  2023-09-11 06:00:00  Index
2       2.4      DK       NaN  ...     3.10  2023-09-11 06:00:00      %
3       2.3      DK       NaN  ...     3.20  2023-09-11 06:00:00      %
4      22.7      TR       NaN  ...    24.20  2023-09-11 07:00:00      %
..      ...     ...       ...  ...      ...                  ...    ...
551     NaN      JP       NaN  ...     2.71  2023-09-21 23:30:00      %
552     NaN      JP       NaN  ...     3.10  2023-09-21 23:30:00      %
553     NaN      JP       NaN  ...     3.30  2023-09-21 23:30:00      %
554     NaN      JP       NaN  ...   105.40  2023-09-21 23:30:00  Index
555     NaN      JP       NaN  ...   104.90  2023-09-21 23:30:00  Index

[556 rows x 8 columns]
done
     Actual Country  Estimate  ... Previous                 Time   Unit
0      -0.7      DK       NaN  ...     1.80  2023-09-11 06:00:00      %
1     117.7      DK       NaN  ...   118.50  2023-09-11 06:00:00  Index
2       2.4      DK       NaN  ...     3.10  2023-09-11 06:00:00      %
3       2.3      DK       NaN  ...     3.20  2023-09-11 06:00:00      %
4      22.7      TR       NaN  ...    24.20  2023-09-11 07:00:00      %
..      ...     ...       ...  ...      ...                  ...    ...
551     NaN      JP       NaN  ...     2.71  2023-09-21 23:30:00      %
552     NaN      JP       NaN  ...     3.10  2023-09-21 23:30:00      %
553     NaN      JP       NaN  ...     3.30  2023-09-21 23:30:00      %
554     NaN      JP       NaN  ...   105.40  2023-09-21 23:30:00  Index
555     NaN      JP       NaN  ...   104.90  2023-09-21 23:30:00  Index

[556 rows x 8 columns]
done
     Actual Country  Estimate  ... Previous                 Time   Unit
0      -0.7      DK       NaN  ...     1.80  2023-09-11 06:00:00      %
1     117.7      DK       NaN  ...   118.50  2023-09-11 06:00:00  Index
2       2.4      DK       NaN  ...     3.10  2023-09-11 06:00:00      %
3       2.3      DK       NaN  ...     3.20  2023-09-11 06:00:00      %
4      22.7      TR       NaN  ...    24.20  2023-09-11 07:00:00      %
..      ...     ...       ...  ...      ...                  ...    ...
551     NaN      JP       NaN  ...     2.71  2023-09-21 23:30:00      %
552     NaN      JP       NaN  ...     3.10  2023-09-21 23:30:00      %
553     NaN      JP       NaN  ...     3.30  2023-09-21 23:30:00      %
554     NaN      JP       NaN  ...   105.40  2023-09-21 23:30:00  Index
555     NaN      JP       NaN  ...   104.90  2023-09-21 23:30:00  Index

[556 rows x 8 columns]
done
     Actual Country  Estimate  ... Previous                 Time   Unit
0      -0.7      DK       NaN  ...     1.80  2023-09-11 06:00:00      %
1     117.7      DK       NaN  ...   118.50  2023-09-11 06:00:00  Index
2       2.4      DK       NaN  ...     3.10  2023-09-11 06:00:00      %
3       2.3      DK       NaN  ...     3.20  2023-09-11 06:00:00      %
4      22.7      TR       NaN  ...    24.20  2023-09-11 07:00:00      %
..      ...     ...       ...  ...      ...                  ...    ...
551     NaN      JP       NaN  ...     2.71  2023-09-21 23:30:00      %
552     NaN      JP       NaN  ...     3.10  2023-09-21 23:30:00      %
553     NaN      JP       NaN  ...     3.30  2023-09-21 23:30:00      %
554     NaN      JP       NaN  ...   105.40  2023-09-21 23:30:00  Index
555     NaN      JP       NaN  ...   104.90  2023-09-21 23:30:00  Index

[556 rows x 8 columns]
done
     Actual Country  Estimate  ... Previous                 Time   Unit
0      -0.7      DK       NaN  ...     1.80  2023-09-11 06:00:00      %
1     117.7      DK       NaN  ...   118.50  2023-09-11 06:00:00  Index
2       2.4      DK       NaN  ...     3.10  2023-09-11 06:00:00      %
3       2.3      DK       NaN  ...     3.20  2023-09-11 06:00:00      %
4      22.7      TR       NaN  ...    24.20  2023-09-11 07:00:00      %
..      ...     ...       ...  ...      ...                  ...    ...
551     NaN      JP       NaN  ...     2.71  2023-09-21 23:30:00      %
552     NaN      JP       NaN  ...     3.10  2023-09-21 23:30:00      %
553     NaN      JP       NaN  ...     3.30  2023-09-21 23:30:00      %
554     NaN      JP       NaN  ...   105.40  2023-09-21 23:30:00  Index
555     NaN      JP       NaN  ...   104.90  2023-09-21 23:30:00  Index

[556 rows x 8 columns]
done
     Actual Country  Estimate  ... Previous                 Time   Unit
0      -0.7      DK       NaN  ...     1.80  2023-09-11 06:00:00      %
1     117.7      DK       NaN  ...   118.50  2023-09-11 06:00:00  Index
2       2.4      DK       NaN  ...     3.10  2023-09-11 06:00:00      %
3       2.3      DK       NaN  ...     3.20  2023-09-11 06:00:00      %
4      22.7      TR       NaN  ...    24.20  2023-09-11 07:00:00      %
..      ...     ...       ...  ...      ...                  ...    ...
551     NaN      JP       NaN  ...     2.71  2023-09-21 23:30:00      %
552     NaN      JP       NaN  ...     3.10  2023-09-21 23:30:00      %
553     NaN      JP       NaN  ...     3.30  2023-09-21 23:30:00      %
554     NaN      JP       NaN  ...   105.40  2023-09-21 23:30:00  Index
555     NaN      JP       NaN  ...   104.90  2023-09-21 23:30:00  Index

[556 rows x 8 columns]
done
     Actual Country  Estimate  ... Previous                 Time   Unit
0      -0.7      DK       NaN  ...     1.80  2023-09-11 06:00:00      %
1     117.7      DK       NaN  ...   118.50  2023-09-11 06:00:00  Index
2       2.4      DK       NaN  ...     3.10  2023-09-11 06:00:00      %
3       2.3      DK       NaN  ...     3.20  2023-09-11 06:00:00      %
4      22.7      TR       NaN  ...    24.20  2023-09-11 07:00:00      %
..      ...     ...       ...  ...      ...                  ...    ...
551     NaN      JP       NaN  ...     2.71  2023-09-21 23:30:00      %
552     NaN      JP       NaN  ...     3.10  2023-09-21 23:30:00      %
553     NaN      JP       NaN  ...     3.30  2023-09-21 23:30:00      %
554     NaN      JP       NaN  ...   105.40  2023-09-21 23:30:00  Index
555     NaN      JP       NaN  ...   104.90  2023-09-21 23:30:00  Index

[556 rows x 8 columns]
done
     Actual Country  Estimate  ... Previous                 Time   Unit
0      -0.7      DK       NaN  ...     1.80  2023-09-11 06:00:00      %
1     117.7      DK       NaN  ...   118.50  2023-09-11 06:00:00  Index
2       2.4      DK       NaN  ...     3.10  2023-09-11 06:00:00      %
3       2.3      DK       NaN  ...     3.20  2023-09-11 06:00:00      %
4      22.7      TR       NaN  ...    24.20  2023-09-11 07:00:00      %
..      ...     ...       ...  ...      ...                  ...    ...
551     NaN      JP       NaN  ...     2.71  2023-09-21 23:30:00      %
552     NaN      JP       NaN  ...     3.10  2023-09-21 23:30:00      %
553     NaN      JP       NaN  ...     3.30  2023-09-21 23:30:00      %
554     NaN      JP       NaN  ...   105.40  2023-09-21 23:30:00  Index
555     NaN      JP       NaN  ...   104.90  2023-09-21 23:30:00  Index

[556 rows x 8 columns]
done
     Actual Country  Estimate  ... Previous                 Time   Unit
0      -0.7      DK       NaN  ...     1.80  2023-09-11 06:00:00      %
1     117.7      DK       NaN  ...   118.50  2023-09-11 06:00:00  Index
2       2.4      DK       NaN  ...     3.10  2023-09-11 06:00:00      %
3       2.3      DK       NaN  ...     3.20  2023-09-11 06:00:00      %
4      22.7      TR       NaN  ...    24.20  2023-09-11 07:00:00      %
..      ...     ...       ...  ...      ...                  ...    ...
551     NaN      JP       NaN  ...     2.71  2023-09-21 23:30:00      %
552     NaN      JP       NaN  ...     3.10  2023-09-21 23:30:00      %
553     NaN      JP       NaN  ...     3.30  2023-09-21 23:30:00      %
554     NaN      JP       NaN  ...   105.40  2023-09-21 23:30:00  Index
555     NaN      JP       NaN  ...   104.90  2023-09-21 23:30:00  Index

[556 rows x 8 columns]
done
     Actual Country  Estimate  ... Previous                 Time   Unit
0      -0.7      DK       NaN  ...     1.80  2023-09-11 06:00:00      %
1     117.7      DK       NaN  ...   118.50  2023-09-11 06:00:00  Index
2       2.4      DK       NaN  ...     3.10  2023-09-11 06:00:00      %
3       2.3      DK       NaN  ...     3.20  2023-09-11 06:00:00      %
4      22.7      TR       NaN  ...    24.20  2023-09-11 07:00:00      %
..      ...     ...       ...  ...      ...                  ...    ...
551     NaN      JP       NaN  ...     2.71  2023-09-21 23:30:00      %
552     NaN      JP       NaN  ...     3.10  2023-09-21 23:30:00      %
553     NaN      JP       NaN  ...     3.30  2023-09-21 23:30:00      %
554     NaN      JP       NaN  ...   105.40  2023-09-21 23:30:00  Index
555     NaN      JP       NaN  ...   104.90  2023-09-21 23:30:00  Index

[556 rows x 8 columns]
done
     Actual Country  Estimate  ... Previous                 Time   Unit
0      -0.7      DK       NaN  ...     1.80  2023-09-11 06:00:00      %
1     117.7      DK       NaN  ...   118.50  2023-09-11 06:00:00  Index
2       2.4      DK       NaN  ...     3.10  2023-09-11 06:00:00      %
3       NaN      DK       NaN  ...     3.20  2023-09-11 06:00:00      %
4      22.7      TR       NaN  ...    24.20  2023-09-11 07:00:00      %
..      ...     ...       ...  ...      ...                  ...    ...
551     NaN      JP       NaN  ...     2.71  2023-09-21 23:30:00      %
552     NaN      JP       NaN  ...     3.10  2023-09-21 23:30:00      %
553     NaN      JP       NaN  ...     3.30  2023-09-21 23:30:00      %
554     NaN      JP       NaN  ...   105.40  2023-09-21 23:30:00  Index
555     NaN      JP       NaN  ...   104.90  2023-09-21 23:30:00  Index

[556 rows x 8 columns]
done
     Actual Country  Estimate  ... Previous                 Time   Unit
0      -0.7      DK       NaN  ...     1.80  2023-09-11 06:00:00      %
1     117.7      DK       NaN  ...   118.50  2023-09-11 06:00:00  Index
2       2.4      DK       NaN  ...     3.10  2023-09-11 06:00:00      %
3       NaN      DK       NaN  ...     3.20  2023-09-11 06:00:00      %
4      22.7      TR       NaN  ...    24.20  2023-09-11 07:00:00      %
..      ...     ...       ...  ...      ...                  ...    ...
551     NaN      JP       NaN  ...     2.71  2023-09-21 23:30:00      %
552     NaN      JP       NaN  ...     3.10  2023-09-21 23:30:00      %
553     NaN      JP       NaN  ...     3.30  2023-09-21 23:30:00      %
554     NaN      JP       NaN  ...   105.40  2023-09-21 23:30:00  Index
555     NaN      JP       NaN  ...   104.90  2023-09-21 23:30:00  Index

[556 rows x 8 columns]
done
     Actual Country  Estimate  ... Previous                 Time   Unit
0      -0.7      DK       NaN  ...     1.80  2023-09-11 06:00:00      %
1     117.7      DK       NaN  ...   118.50  2023-09-11 06:00:00  Index
2       2.4      DK       NaN  ...     3.10  2023-09-11 06:00:00      %
3       NaN      DK       NaN  ...     3.20  2023-09-11 06:00:00      %
4      22.7      TR       NaN  ...    24.20  2023-09-11 07:00:00      %
..      ...     ...       ...  ...      ...                  ...    ...
552     NaN      JP       NaN  ...     2.71  2023-09-21 23:30:00      %
553     NaN      JP       NaN  ...     3.10  2023-09-21 23:30:00      %
554     NaN      JP       NaN  ...     3.30  2023-09-21 23:30:00      %
555     NaN      JP       NaN  ...   105.40  2023-09-21 23:30:00  Index
556     NaN      JP       NaN  ...   104.90  2023-09-21 23:30:00  Index

[557 rows x 8 columns]
done
     Actual Country  Estimate  ... Previous                 Time   Unit
0      -0.7      DK       NaN  ...     1.80  2023-09-11 06:00:00      %
1     117.7      DK       NaN  ...   118.50  2023-09-11 06:00:00  Index
2       2.4      DK       NaN  ...     3.10  2023-09-11 06:00:00      %
3       2.3      DK       NaN  ...     3.20  2023-09-11 06:00:00      %
4      22.7      TR       NaN  ...    24.20  2023-09-11 07:00:00      %
..      ...     ...       ...  ...      ...                  ...    ...
552     NaN      JP       NaN  ...     2.71  2023-09-21 23:30:00      %
553     NaN      JP       NaN  ...     3.10  2023-09-21 23:30:00      %
554     NaN      JP       NaN  ...     3.30  2023-09-21 23:30:00      %
555     NaN      JP       NaN  ...   105.40  2023-09-21 23:30:00  Index
556     NaN      JP       NaN  ...   104.90  2023-09-21 23:30:00  Index

[557 rows x 8 columns]
done
     Actual Country  Estimate  ... Previous                 Time   Unit
0      -0.7      DK       NaN  ...     1.80  2023-09-11 06:00:00      %
1     117.7      DK       NaN  ...   118.50  2023-09-11 06:00:00  Index
2       2.4      DK       NaN  ...     3.10  2023-09-11 06:00:00      %
3       NaN      DK       NaN  ...     3.20  2023-09-11 06:00:00      %
4      22.7      TR       NaN  ...    24.20  2023-09-11 07:00:00      %
..      ...     ...       ...  ...      ...                  ...    ...
552     NaN      JP       NaN  ...     2.71  2023-09-21 23:30:00      %
553     NaN      JP       NaN  ...     3.10  2023-09-21 23:30:00      %
554     NaN      JP       NaN  ...     3.30  2023-09-21 23:30:00      %
555     NaN      JP       NaN  ...   105.40  2023-09-21 23:30:00  Index
556     NaN      JP       NaN  ...   104.90  2023-09-21 23:30:00  Index

[557 rows x 8 columns]
done
     Actual Country  Estimate  ... Previous                 Time   Unit
0      -0.7      DK       NaN  ...     1.80  2023-09-11 06:00:00      %
1     117.7      DK       NaN  ...   118.50  2023-09-11 06:00:00  Index
2       2.4      DK       NaN  ...     3.10  2023-09-11 06:00:00      %
3       NaN      DK       NaN  ...     3.20  2023-09-11 06:00:00      %
4      22.7      TR       NaN  ...    24.20  2023-09-11 07:00:00      %
..      ...     ...       ...  ...      ...                  ...    ...
552     NaN      JP       NaN  ...     2.71  2023-09-21 23:30:00      %
553     NaN      JP       NaN  ...     3.10  2023-09-21 23:30:00      %
554     NaN      JP       NaN  ...     3.30  2023-09-21 23:30:00      %
555     NaN      JP       NaN  ...   105.40  2023-09-21 23:30:00  Index
556     NaN      JP       NaN  ...   104.90  2023-09-21 23:30:00  Index

[557 rows x 8 columns]
done
     Actual Country  Estimate  ... Previous                 Time   Unit
0      -0.7      DK       NaN  ...     1.80  2023-09-11 06:00:00      %
1     117.7      DK       NaN  ...   118.50  2023-09-11 06:00:00  Index
2       2.4      DK       NaN  ...     3.10  2023-09-11 06:00:00      %
3       NaN      DK       NaN  ...     3.20  2023-09-11 06:00:00      %
4      22.7      TR       NaN  ...    24.20  2023-09-11 07:00:00      %
..      ...     ...       ...  ...      ...                  ...    ...
552     NaN      JP       NaN  ...     2.71  2023-09-21 23:30:00      %
553     NaN      JP       NaN  ...     3.10  2023-09-21 23:30:00      %
554     NaN      JP       NaN  ...     3.30  2023-09-21 23:30:00      %
555     NaN      JP       NaN  ...   105.40  2023-09-21 23:30:00  Index
556     NaN      JP       NaN  ...   104.90  2023-09-21 23:30:00  Index

[557 rows x 8 columns]
done
     Actual Country  Estimate  ... Previous                 Time   Unit
0      -0.7      DK       NaN  ...     1.80  2023-09-11 06:00:00      %
1     117.7      DK       NaN  ...   118.50  2023-09-11 06:00:00  Index
2       2.4      DK       NaN  ...     3.10  2023-09-11 06:00:00      %
3       NaN      DK       NaN  ...     3.20  2023-09-11 06:00:00      %
4      22.7      TR       NaN  ...    24.20  2023-09-11 07:00:00      %
..      ...     ...       ...  ...      ...                  ...    ...
552     NaN      JP       NaN  ...     2.71  2023-09-21 23:30:00      %
553     NaN      JP       NaN  ...     3.10  2023-09-21 23:30:00      %
554     NaN      JP       NaN  ...     3.30  2023-09-21 23:30:00      %
555     NaN      JP       NaN  ...   105.40  2023-09-21 23:30:00  Index
556     NaN      JP       NaN  ...   104.90  2023-09-21 23:30:00  Index

[557 rows x 8 columns]
done
     Actual Country  Estimate  ... Previous                 Time   Unit
0      -0.7      DK       NaN  ...     1.80  2023-09-11 06:00:00      %
1     117.7      DK       NaN  ...   118.50  2023-09-11 06:00:00  Index
2       2.4      DK       NaN  ...     3.10  2023-09-11 06:00:00      %
3       NaN      DK       NaN  ...     3.20  2023-09-11 06:00:00      %
4      22.7      TR       NaN  ...    24.20  2023-09-11 07:00:00      %
..      ...     ...       ...  ...      ...                  ...    ...
552     NaN      JP       NaN  ...     2.71  2023-09-21 23:30:00      %
553     NaN      JP       NaN  ...     3.10  2023-09-21 23:30:00      %
554     NaN      JP       NaN  ...     3.30  2023-09-21 23:30:00      %
555     NaN      JP       NaN  ...   105.40  2023-09-21 23:30:00  Index
556     NaN      JP       NaN  ...   104.90  2023-09-21 23:30:00  Index

[557 rows x 8 columns]
done
     Actual Country  Estimate  ... Previous                 Time   Unit
0      -0.7      DK       NaN  ...     1.80  2023-09-11 06:00:00      %
1     117.7      DK       NaN  ...   118.50  2023-09-11 06:00:00  Index
2       2.4      DK       NaN  ...     3.10  2023-09-11 06:00:00      %
3       NaN      DK       NaN  ...     3.20  2023-09-11 06:00:00      %
4      22.7      TR       NaN  ...    24.20  2023-09-11 07:00:00      %
..      ...     ...       ...  ...      ...                  ...    ...
552     NaN      JP       NaN  ...     2.71  2023-09-21 23:30:00      %
553     NaN      JP       NaN  ...     3.10  2023-09-21 23:30:00      %
554     NaN      JP       NaN  ...     3.30  2023-09-21 23:30:00      %
555     NaN      JP       NaN  ...   105.40  2023-09-21 23:30:00  Index
556     NaN      JP       NaN  ...   104.90  2023-09-21 23:30:00  Index

[557 rows x 8 columns]
done
     Actual Country  Estimate  ... Previous                 Time   Unit
0      -0.7      DK       NaN  ...     1.80  2023-09-11 06:00:00      %
1     117.7      DK       NaN  ...   118.50  2023-09-11 06:00:00  Index
2       2.4      DK       NaN  ...     3.10  2023-09-11 06:00:00      %
3       NaN      DK       NaN  ...     3.20  2023-09-11 06:00:00      %
4      22.7      TR       NaN  ...    24.20  2023-09-11 07:00:00      %
..      ...     ...       ...  ...      ...                  ...    ...
552     NaN      JP       NaN  ...     2.71  2023-09-21 23:30:00      %
553     NaN      JP       NaN  ...     3.10  2023-09-21 23:30:00      %
554     NaN      JP       NaN  ...     3.30  2023-09-21 23:30:00      %
555     NaN      JP       NaN  ...   105.40  2023-09-21 23:30:00  Index
556     NaN      JP       NaN  ...   104.90  2023-09-21 23:30:00  Index

[557 rows x 8 columns]
done
     Actual Country  Estimate  ... Previous                 Time   Unit
0      -0.7      DK       NaN  ...     1.80  2023-09-11 06:00:00      %
1     117.7      DK       NaN  ...   118.50  2023-09-11 06:00:00  Index
2       2.4      DK       NaN  ...     3.10  2023-09-11 06:00:00      %
3       2.3      DK       NaN  ...     3.20  2023-09-11 06:00:00      %
4      22.7      TR       NaN  ...    24.20  2023-09-11 07:00:00      %
..      ...     ...       ...  ...      ...                  ...    ...
552     NaN      JP       NaN  ...     2.71  2023-09-21 23:30:00      %
553     NaN      JP       NaN  ...     3.10  2023-09-21 23:30:00      %
554     NaN      JP       NaN  ...     3.30  2023-09-21 23:30:00      %
555     NaN      JP       NaN  ...   105.40  2023-09-21 23:30:00  Index
556     NaN      JP       NaN  ...   104.90  2023-09-21 23:30:00  Index

[557 rows x 8 columns]
done
     Actual Country  Estimate  ... Previous                 Time   Unit
0      -0.7      DK       NaN  ...     1.80  2023-09-11 06:00:00      %
1     117.7      DK       NaN  ...   118.50  2023-09-11 06:00:00  Index
2       2.4      DK       NaN  ...     3.10  2023-09-11 06:00:00      %
3       2.3      DK       NaN  ...     3.20  2023-09-11 06:00:00      %
4      22.7      TR       NaN  ...    24.20  2023-09-11 07:00:00      %
..      ...     ...       ...  ...      ...                  ...    ...
556     NaN      JP       NaN  ...     2.71  2023-09-21 23:30:00      %
557     NaN      JP       NaN  ...     3.10  2023-09-21 23:30:00      %
558     NaN      JP       NaN  ...     3.30  2023-09-21 23:30:00      %
559     NaN      JP       NaN  ...   105.40  2023-09-21 23:30:00  Index
560     NaN      JP       NaN  ...   104.90  2023-09-21 23:30:00  Index

[561 rows x 8 columns]
done
     Actual Country  Estimate  ... Previous                 Time   Unit
0      -0.7      DK       NaN  ...     1.80  2023-09-11 06:00:00      %
1     117.7      DK       NaN  ...   118.50  2023-09-11 06:00:00  Index
2       2.4      DK       NaN  ...     3.10  2023-09-11 06:00:00      %
3       NaN      DK       NaN  ...     3.20  2023-09-11 06:00:00      %
4      22.7      TR       NaN  ...    24.20  2023-09-11 07:00:00      %
..      ...     ...       ...  ...      ...                  ...    ...
556     NaN      JP       NaN  ...     2.71  2023-09-21 23:30:00      %
557     NaN      JP       NaN  ...     3.10  2023-09-21 23:30:00      %
558     NaN      JP       NaN  ...     3.30  2023-09-21 23:30:00      %
559     NaN      JP       NaN  ...   105.40  2023-09-21 23:30:00  Index
560     NaN      JP       NaN  ...   104.90  2023-09-21 23:30:00  Index

[561 rows x 8 columns]
done
