Traceback (most recent call last):
  File "/home/spark/autocommit/EXCEL_AutoUpdate/payems/payems.py", line 11, in <module>
    book = openpyxl.load_workbook('經濟數據-FRED增益集.xlsx')
  File "/home/spark/anaconda3/lib/python3.7/site-packages/openpyxl/reader/excel.py", line 313, in load_workbook
    data_only, keep_links)
  File "/home/spark/anaconda3/lib/python3.7/site-packages/openpyxl/reader/excel.py", line 124, in __init__
    self.archive = _validate_archive(fn)
  File "/home/spark/anaconda3/lib/python3.7/site-packages/openpyxl/reader/excel.py", line 96, in _validate_archive
    archive = ZipFile(filename, 'r')
  File "/home/spark/anaconda3/lib/python3.7/zipfile.py", line 1240, in __init__
    self.fp = io.open(file, filemode)
FileNotFoundError: [Errno 2] No such file or directory: '經濟數據-FRED增益集.xlsx'
Traceback (most recent call last):
  File "/home/spark/autocommit/EXCEL_AutoUpdate/payems/payems.py", line 13, in <module>
    book = openpyxl.load_workbook('經濟數據-FRED增益集.xlsx')
  File "/home/spark/anaconda3/lib/python3.7/site-packages/openpyxl/reader/excel.py", line 313, in load_workbook
    data_only, keep_links)
  File "/home/spark/anaconda3/lib/python3.7/site-packages/openpyxl/reader/excel.py", line 124, in __init__
    self.archive = _validate_archive(fn)
  File "/home/spark/anaconda3/lib/python3.7/site-packages/openpyxl/reader/excel.py", line 96, in _validate_archive
    archive = ZipFile(filename, 'r')
  File "/home/spark/anaconda3/lib/python3.7/zipfile.py", line 1240, in __init__
    self.fp = io.open(file, filemode)
FileNotFoundError: [Errno 2] No such file or directory: '經濟數據-FRED增益集.xlsx'
Traceback (most recent call last):
  File "/home/spark/autocommit/EXCEL_AutoUpdate/payems/payems.py", line 13, in <module>
    book = openpyxl.load_workbook('經濟數據-FRED增益集.xlsx')
  File "/home/spark/anaconda3/lib/python3.7/site-packages/openpyxl/reader/excel.py", line 313, in load_workbook
    data_only, keep_links)
  File "/home/spark/anaconda3/lib/python3.7/site-packages/openpyxl/reader/excel.py", line 124, in __init__
    self.archive = _validate_archive(fn)
  File "/home/spark/anaconda3/lib/python3.7/site-packages/openpyxl/reader/excel.py", line 96, in _validate_archive
    archive = ZipFile(filename, 'r')
  File "/home/spark/anaconda3/lib/python3.7/zipfile.py", line 1240, in __init__
    self.fp = io.open(file, filemode)
FileNotFoundError: [Errno 2] No such file or directory: '經濟數據-FRED增益集.xlsx'
<<<<<<< HEAD
Traceback (most recent call last):
  File "/home/spark/autocommit/EXCEL_AutoUpdate/payems/payems.py", line 13, in <module>
    book = openpyxl.load_workbook('經濟數據-FRED增益集.xlsx')
  File "/home/spark/anaconda3/lib/python3.7/site-packages/openpyxl/reader/excel.py", line 313, in load_workbook
    data_only, keep_links)
  File "/home/spark/anaconda3/lib/python3.7/site-packages/openpyxl/reader/excel.py", line 124, in __init__
    self.archive = _validate_archive(fn)
  File "/home/spark/anaconda3/lib/python3.7/site-packages/openpyxl/reader/excel.py", line 96, in _validate_archive
    archive = ZipFile(filename, 'r')
  File "/home/spark/anaconda3/lib/python3.7/zipfile.py", line 1240, in __init__
    self.fp = io.open(file, filemode)
FileNotFoundError: [Errno 2] No such file or directory: '經濟數據-FRED增益集.xlsx'
=======
>>>>>>> 7cb7531e7b6b24803416845126c66004a52b142d
Traceback (most recent call last):
  File "/home/spark/autocommit/EXCEL_AutoUpdate/payems/payems.py", line 13, in <module>
    book = openpyxl.load_workbook('經濟數據-FRED增益集.xlsx')
  File "/home/spark/anaconda3/lib/python3.7/site-packages/openpyxl/reader/excel.py", line 313, in load_workbook
    data_only, keep_links)
  File "/home/spark/anaconda3/lib/python3.7/site-packages/openpyxl/reader/excel.py", line 124, in __init__
    self.archive = _validate_archive(fn)
  File "/home/spark/anaconda3/lib/python3.7/site-packages/openpyxl/reader/excel.py", line 96, in _validate_archive
    archive = ZipFile(filename, 'r')
  File "/home/spark/anaconda3/lib/python3.7/zipfile.py", line 1240, in __init__
    self.fp = io.open(file, filemode)
FileNotFoundError: [Errno 2] No such file or directory: '經濟數據-FRED增益集.xlsx'
Traceback (most recent call last):
  File "/home/spark/autocommit/EXCEL_AutoUpdate/payems/payems.py", line 13, in <module>
    book = openpyxl.load_workbook('經濟數據-FRED增益集.xlsx')
  File "/home/spark/anaconda3/lib/python3.7/site-packages/openpyxl/reader/excel.py", line 313, in load_workbook
    data_only, keep_links)
  File "/home/spark/anaconda3/lib/python3.7/site-packages/openpyxl/reader/excel.py", line 124, in __init__
    self.archive = _validate_archive(fn)
  File "/home/spark/anaconda3/lib/python3.7/site-packages/openpyxl/reader/excel.py", line 96, in _validate_archive
    archive = ZipFile(filename, 'r')
  File "/home/spark/anaconda3/lib/python3.7/zipfile.py", line 1240, in __init__
    self.fp = io.open(file, filemode)
FileNotFoundError: [Errno 2] No such file or directory: '經濟數據-FRED增益集.xlsx'
Traceback (most recent call last):
  File "/home/spark/autocommit/EXCEL_AutoUpdate/payems/payems.py", line 13, in <module>
    book = openpyxl.load_workbook('經濟數據-FRED增益集.xlsx')
  File "/home/spark/anaconda3/lib/python3.7/site-packages/openpyxl/reader/excel.py", line 313, in load_workbook
    data_only, keep_links)
  File "/home/spark/anaconda3/lib/python3.7/site-packages/openpyxl/reader/excel.py", line 124, in __init__
    self.archive = _validate_archive(fn)
  File "/home/spark/anaconda3/lib/python3.7/site-packages/openpyxl/reader/excel.py", line 96, in _validate_archive
    archive = ZipFile(filename, 'r')
  File "/home/spark/anaconda3/lib/python3.7/zipfile.py", line 1240, in __init__
    self.fp = io.open(file, filemode)
FileNotFoundError: [Errno 2] No such file or directory: '經濟數據-FRED增益集.xlsx'
["12/ '20", "01/ '21", "02/ '21", "03/ '21", "04/ '21", "05/ '21", "06/ '21", "07/ '21", "08/ '21", "09/ '21", "10/ '21", "11/ '21"]
[6.7, 6.3, 6.2, 6, 6.1, 5.8, 5.9, 5.4, 5.2, 4.8, 4.6, 4.2]
[-306, 233, 536, 785, 269, 614, 962, 1091, 483, 379, 546, 210]
{'date': ["12/ '20", "01/ '21", "02/ '21", "03/ '21", "04/ '21", "05/ '21", "06/ '21", "07/ '21", "08/ '21", "09/ '21", "10/ '21", "11/ '21"], 'unrate': [6.7, 6.3, 6.2, 6, 6.1, 5.8, 5.9, 5.4, 5.2, 4.8, 4.6, 4.2], 'payems_icz': [-306, 233, 536, 785, 269, 614, 962, 1091, 483, 379, 546, 210]}
["12/ '20", "01/ '21", "02/ '21", "03/ '21", "04/ '21", "05/ '21", "06/ '21", "07/ '21", "08/ '21", "09/ '21", "10/ '21", "11/ '21"]
[29.61, 29.91, 29.92, 30, 29.97, 30.17, 30.31, 30.44, 30.55, 30.67, 30.84, 30.95, 31.03]
[5.5, 5.2, 5.2, 4.3, 0.3, 1.9, 3.7, 4.0, 4.1, 4.5, 4.8, 4.8]
{'date': ["12/ '20", "01/ '21", "02/ '21", "03/ '21", "04/ '21", "05/ '21", "06/ '21", "07/ '21", "08/ '21", "09/ '21", "10/ '21", "11/ '21"], 'hourpay_avg': [29.91, 29.92, 30, 29.97, 30.17, 30.31, 30.44, 30.55, 30.67, 30.84, 30.95, 31.03], 'hourpay_yoy': [5.5, 5.2, 5.2, 4.3, 0.3, 1.9, 3.7, 4.0, 4.1, 4.5, 4.8, 4.8]}
['09/18', '09/25', '10/02', '10/09', '10/16', '10/23', '10/30', '11/06', '11/13', '11/20', '11/27', '12/04']
[351.0, 364.0, 329.0, 296.0, 291.0, 283.0, 271.0, 269.0, 270.0, 194.0, 227.0, 184.0]
[2820.0, 2811.0, 2727.0, 2603.0, 2480.0, 2239.0, 2101.0, 2209.0, 2109.0, 2055.0, 1954.0, 1992.0]
{'date': ['09/18', '09/25', '10/02', '10/09', '10/16', '10/23', '10/30', '11/06', '11/13', '11/20', '11/27', '12/04'], 'initial_claim': [351.0, 364.0, 329.0, 296.0, 291.0, 283.0, 271.0, 269.0, 270.0, 194.0, 227.0, 184.0], 'continued_claim': [2820.0, 2811.0, 2727.0, 2603.0, 2480.0, 2239.0, 2101.0, 2209.0, 2109.0, 2055.0, 1954.0, 1992.0]}
["01/ '21", "02/ '21", "03/ '21", "04/ '21", "05/ '21", "06/ '21", "07/ '21", "08/ '21", "09/ '21", "10/ '21", "11/ '21", "12/ '21"]
[6.4, 6.2, 6, 6, 5.8, 5.9, 5.4, 5.2, 4.7, 4.6, 4.2, 3.9]
[233, 536, 785, 269, 614, 962, 1091, 483, 379, 648, 249, 199]
{'date': ["01/ '21", "02/ '21", "03/ '21", "04/ '21", "05/ '21", "06/ '21", "07/ '21", "08/ '21", "09/ '21", "10/ '21", "11/ '21", "12/ '21"], 'unrate': [6.4, 6.2, 6, 6, 5.8, 5.9, 5.4, 5.2, 4.7, 4.6, 4.2, 3.9], 'payems_icz': [233, 536, 785, 269, 614, 962, 1091, 483, 379, 648, 249, 199]}
["12/ '20", "01/ '21", "02/ '21", "03/ '21", "04/ '21", "05/ '21", "06/ '21", "07/ '21", "08/ '21", "09/ '21", "10/ '21", "11/ '21"]
[29.61, 29.91, 29.92, 30, 29.97, 30.17, 30.31, 30.44, 30.55, 30.67, 30.84, 30.95, 31.03]
[5.5, 5.2, 5.2, 4.3, 0.3, 1.9, 3.7, 4.0, 4.1, 4.5, 4.8, 4.8]
{'date': ["12/ '20", "01/ '21", "02/ '21", "03/ '21", "04/ '21", "05/ '21", "06/ '21", "07/ '21", "08/ '21", "09/ '21", "10/ '21", "11/ '21"], 'hourpay_avg': [29.91, 29.92, 30, 29.97, 30.17, 30.31, 30.44, 30.55, 30.67, 30.84, 30.95, 31.03], 'hourpay_yoy': [5.5, 5.2, 5.2, 4.3, 0.3, 1.9, 3.7, 4.0, 4.1, 4.5, 4.8, 4.8]}
['10/23', '10/30', '11/06', '11/13', '11/20', '11/27', '12/04', '12/11', '12/18', '12/25', '01/01', '01/08']
[283.0, 271.0, 269.0, 270.0, 194.0, 227.0, 188.0, 205.0, 206.0, 200.0, 207.0, 230.0]
[2239.0, 2101.0, 2209.0, 2109.0, 2055.0, 1954.0, 1999.0, 1867.0, 1856.0, 1718.0, 1753.0, 1559.0]
{'date': ['10/23', '10/30', '11/06', '11/13', '11/20', '11/27', '12/04', '12/11', '12/18', '12/25', '01/01', '01/08'], 'initial_claim': [283.0, 271.0, 269.0, 270.0, 194.0, 227.0, 188.0, 205.0, 206.0, 200.0, 207.0, 230.0], 'continued_claim': [2239.0, 2101.0, 2209.0, 2109.0, 2055.0, 1954.0, 1999.0, 1867.0, 1856.0, 1718.0, 1753.0, 1559.0]}
["02/ '21", "03/ '21", "04/ '21", "05/ '21", "06/ '21", "07/ '21", "08/ '21", "09/ '21", "10/ '21", "11/ '21", "12/ '21", "01/ '22"]
[6.2, 6, 6, 5.8, 5.9, 5.4, 5.2, 4.7, 4.6, 4.2, 3.9, 4]
[710, 704, 263, 447, 557, 689, 517, 424, 677, 647, 510, 467]
{'date': ["02/ '21", "03/ '21", "04/ '21", "05/ '21", "06/ '21", "07/ '21", "08/ '21", "09/ '21", "10/ '21", "11/ '21", "12/ '21", "01/ '22"], 'unrate': [6.2, 6, 6, 5.8, 5.9, 5.4, 5.2, 4.7, 4.6, 4.2, 3.9, 4], 'payems_icz': [710, 704, 263, 447, 557, 689, 517, 424, 677, 647, 510, 467]}
["02/ '21", "03/ '21", "04/ '21", "05/ '21", "06/ '21", "07/ '21", "08/ '21", "09/ '21", "10/ '21", "11/ '21", "12/ '21", "01/ '22"]
[29.93, 30.04, 30.06, 30.2, 30.36, 30.52, 30.67, 30.76, 30.92, 31.11, 31.23, 31.4, 31.63]
[5.2, 4.4, 0.6, 2.2, 4.0, 4.3, 4.3, 4.8, 5.4, 5.3, 4.9, 5.7]
{'date': ["02/ '21", "03/ '21", "04/ '21", "05/ '21", "06/ '21", "07/ '21", "08/ '21", "09/ '21", "10/ '21", "11/ '21", "12/ '21", "01/ '22"], 'hourpay_avg': [30.04, 30.06, 30.2, 30.36, 30.52, 30.67, 30.76, 30.92, 31.11, 31.23, 31.4, 31.63], 'hourpay_yoy': [5.2, 4.4, 0.6, 2.2, 4.0, 4.3, 4.3, 4.8, 5.4, 5.3, 4.9, 5.7]}
['11/13', '11/20', '11/27', '12/04', '12/11', '12/18', '12/25', '01/01', '01/08', '01/15', '01/22', '01/29']
[270.0, 194.0, 227.0, 188.0, 205.0, 206.0, 200.0, 207.0, 231.0, 290.0, 261.0, 238.0]
[2109.0, 2055.0, 1954.0, 1999.0, 1867.0, 1856.0, 1718.0, 1753.0, 1555.0, 1624.0, 1672.0, 1628.0]
{'date': ['11/13', '11/20', '11/27', '12/04', '12/11', '12/18', '12/25', '01/01', '01/08', '01/15', '01/22', '01/29'], 'initial_claim': [270.0, 194.0, 227.0, 188.0, 205.0, 206.0, 200.0, 207.0, 231.0, 290.0, 261.0, 238.0], 'continued_claim': [2109.0, 2055.0, 1954.0, 1999.0, 1867.0, 1856.0, 1718.0, 1753.0, 1555.0, 1624.0, 1672.0, 1628.0]}
["02/ '21", "03/ '21", "04/ '21", "05/ '21", "06/ '21", "07/ '21", "08/ '21", "09/ '21", "10/ '21", "11/ '21", "12/ '21", "01/ '22"]
[6.2, 6, 6, 5.8, 5.9, 5.4, 5.2, 4.7, 4.6, 4.2, 3.9, 4]
[710, 704, 263, 447, 557, 689, 517, 424, 677, 647, 510, 467]
{'date': ["02/ '21", "03/ '21", "04/ '21", "05/ '21", "06/ '21", "07/ '21", "08/ '21", "09/ '21", "10/ '21", "11/ '21", "12/ '21", "01/ '22"], 'unrate': [6.2, 6, 6, 5.8, 5.9, 5.4, 5.2, 4.7, 4.6, 4.2, 3.9, 4], 'payems_icz': [710, 704, 263, 447, 557, 689, 517, 424, 677, 647, 510, 467]}
["02/ '21", "03/ '21", "04/ '21", "05/ '21", "06/ '21", "07/ '21", "08/ '21", "09/ '21", "10/ '21", "11/ '21", "12/ '21", "01/ '22"]
[29.93, 30.04, 30.06, 30.2, 30.36, 30.52, 30.67, 30.76, 30.92, 31.11, 31.23, 31.4, 31.63]
[5.2, 4.4, 0.6, 2.2, 4.0, 4.3, 4.3, 4.8, 5.4, 5.3, 4.9, 5.7]
{'date': ["02/ '21", "03/ '21", "04/ '21", "05/ '21", "06/ '21", "07/ '21", "08/ '21", "09/ '21", "10/ '21", "11/ '21", "12/ '21", "01/ '22"], 'hourpay_avg': [30.04, 30.06, 30.2, 30.36, 30.52, 30.67, 30.76, 30.92, 31.11, 31.23, 31.4, 31.63], 'hourpay_yoy': [5.2, 4.4, 0.6, 2.2, 4.0, 4.3, 4.3, 4.8, 5.4, 5.3, 4.9, 5.7]}
['11/13', '11/20', '11/27', '12/04', '12/11', '12/18', '12/25', '01/01', '01/08', '01/15', '01/22', '01/29']
[270.0, 194.0, 227.0, 188.0, 205.0, 206.0, 200.0, 207.0, 231.0, 290.0, 261.0, 238.0]
[2109.0, 2055.0, 1954.0, 1999.0, 1867.0, 1856.0, 1718.0, 1753.0, 1555.0, 1624.0, 1672.0, 1628.0]
{'date': ['11/13', '11/20', '11/27', '12/04', '12/11', '12/18', '12/25', '01/01', '01/08', '01/15', '01/22', '01/29'], 'initial_claim': [270.0, 194.0, 227.0, 188.0, 205.0, 206.0, 200.0, 207.0, 231.0, 290.0, 261.0, 238.0], 'continued_claim': [2109.0, 2055.0, 1954.0, 1999.0, 1867.0, 1856.0, 1718.0, 1753.0, 1555.0, 1624.0, 1672.0, 1628.0]}
["02/ '21", "03/ '21", "04/ '21", "05/ '21", "06/ '21", "07/ '21", "08/ '21", "09/ '21", "10/ '21", "11/ '21", "12/ '21", "01/ '22"]
[6.2, 6, 6, 5.8, 5.9, 5.4, 5.2, 4.7, 4.6, 4.2, 3.9, 4]
[710, 704, 263, 447, 557, 689, 517, 424, 677, 647, 510, 467]
{'date': ["02/ '21", "03/ '21", "04/ '21", "05/ '21", "06/ '21", "07/ '21", "08/ '21", "09/ '21", "10/ '21", "11/ '21", "12/ '21", "01/ '22"], 'unrate': [6.2, 6, 6, 5.8, 5.9, 5.4, 5.2, 4.7, 4.6, 4.2, 3.9, 4], 'payems_icz': [710, 704, 263, 447, 557, 689, 517, 424, 677, 647, 510, 467]}
["02/ '21", "03/ '21", "04/ '21", "05/ '21", "06/ '21", "07/ '21", "08/ '21", "09/ '21", "10/ '21", "11/ '21", "12/ '21", "01/ '22"]
[29.93, 30.04, 30.06, 30.2, 30.36, 30.52, 30.67, 30.76, 30.92, 31.11, 31.23, 31.4, 31.63]
[5.2, 4.4, 0.6, 2.2, 4.0, 4.3, 4.3, 4.8, 5.4, 5.3, 4.9, 5.7]
{'date': ["02/ '21", "03/ '21", "04/ '21", "05/ '21", "06/ '21", "07/ '21", "08/ '21", "09/ '21", "10/ '21", "11/ '21", "12/ '21", "01/ '22"], 'hourpay_avg': [30.04, 30.06, 30.2, 30.36, 30.52, 30.67, 30.76, 30.92, 31.11, 31.23, 31.4, 31.63], 'hourpay_yoy': [5.2, 4.4, 0.6, 2.2, 4.0, 4.3, 4.3, 4.8, 5.4, 5.3, 4.9, 5.7]}
['11/13', '11/20', '11/27', '12/04', '12/11', '12/18', '12/25', '01/01', '01/08', '01/15', '01/22', '01/29']
[270.0, 194.0, 227.0, 188.0, 205.0, 206.0, 200.0, 207.0, 231.0, 290.0, 261.0, 238.0]
[2109.0, 2055.0, 1954.0, 1999.0, 1867.0, 1856.0, 1718.0, 1753.0, 1555.0, 1624.0, 1672.0, 1628.0]
{'date': ['11/13', '11/20', '11/27', '12/04', '12/11', '12/18', '12/25', '01/01', '01/08', '01/15', '01/22', '01/29'], 'initial_claim': [270.0, 194.0, 227.0, 188.0, 205.0, 206.0, 200.0, 207.0, 231.0, 290.0, 261.0, 238.0], 'continued_claim': [2109.0, 2055.0, 1954.0, 1999.0, 1867.0, 1856.0, 1718.0, 1753.0, 1555.0, 1624.0, 1672.0, 1628.0]}
